<?xml version="1.0" encoding="UTF-8"?>
<robot generator="Robot 7.2.2 (Python 3.13.2 on win32)" generated="2026-01-13T21:53:33.572955" rpa="false" schemaversion="5">
<suite id="s1" name="Suites">
<suite id="s1-s1" name="Project" source="E:\Bajajlife\pycharmProjectsAutomation\PycharmProjectsAutomation\TestCases\Project.robot">
<test id="s1-s1-t1" name="Bajaj iSecure Premium Calculation Test" line="11">
<kw name="Set Selenium Implicit Wait" owner="SeleniumLibrary">
<arg>10</arg>
<doc>Sets the implicit wait value used by Selenium.</doc>
<status status="PASS" start="2026-01-13T21:53:33.737700" elapsed="0.000264"/>
</kw>
<kw name="Open Browser" owner="SeleniumLibrary">
<msg time="2026-01-13T21:53:33.738362" level="INFO">Opening browser 'Chrome' to base url 'https://www.bajajlifeinsurance.com/buy-online/isecure'.</msg>
<arg>${url}</arg>
<arg>${browser}</arg>
<doc>Opens a new browser instance to the optional ``url``.</doc>
<status status="PASS" start="2026-01-13T21:53:33.738132" elapsed="4.551029"/>
</kw>
<kw name="Maximize Browser Window" owner="SeleniumLibrary">
<doc>Maximizes current browser window.</doc>
<status status="PASS" start="2026-01-13T21:53:38.297061" elapsed="0.150767"/>
</kw>
<kw name="Set Selenium Implicit Wait" owner="SeleniumLibrary">
<arg>10</arg>
<doc>Sets the implicit wait value used by Selenium.</doc>
<status status="PASS" start="2026-01-13T21:53:38.448837" elapsed="0.009238"/>
</kw>
<kw name="Click Element" owner="SeleniumLibrary">
<msg time="2026-01-13T21:53:38.460034" level="INFO">Clicking element '//a[contains(@class,"pt-2 pointer existingEmp")]'.</msg>
<arg>//a[contains(@class,"pt-2 pointer existingEmp")]</arg>
<doc>Click the element identified by ``locator``.</doc>
<status status="PASS" start="2026-01-13T21:53:38.458806" elapsed="0.338917"/>
</kw>
<kw name="Select From List By Label" owner="SeleniumLibrary">
<msg time="2026-01-13T21:53:38.798719" level="INFO">Selecting options from selection list '//select[contains(@name,"groupCompany")]' by label Bajaj General Insurance Company.</msg>
<arg>//select[contains(@name,"groupCompany")]</arg>
<arg>Bajaj General Insurance Company</arg>
<doc>Selects options from selection list ``locator`` by ``labels``.</doc>
<status status="PASS" start="2026-01-13T21:53:38.798314" elapsed="0.185881"/>
</kw>
<kw name="Input Text" owner="SeleniumLibrary">
<msg time="2026-01-13T21:53:38.984979" level="INFO">Typing text '32757' into text field '//input[contains(@name,"employeeCode")]'.</msg>
<arg>//input[contains(@name,"employeeCode")]</arg>
<arg>32757</arg>
<doc>Types the given ``text`` into the text field identified by ``locator``.</doc>
<status status="PASS" start="2026-01-13T21:53:38.984476" elapsed="0.575938"/>
</kw>
<kw name="Close Browser" owner="SeleniumLibrary">
<doc>Closes the current browser.</doc>
<status status="PASS" start="2026-01-13T21:53:39.560900" elapsed="2.330955"/>
</kw>
<status status="PASS" start="2026-01-13T21:53:33.736958" elapsed="8.155376"/>
</test>
<status status="PASS" start="2026-01-13T21:53:33.593560" elapsed="8.300023"/>
</suite>
<status status="PASS" start="2026-01-13T21:53:33.583765" elapsed="8.312461"/>
</suite>
<statistics>
<total>
<stat pass="1" fail="0" skip="0">All Tests</stat>
</total>
<tag>
</tag>
<suite>
<stat name="Suites" id="s1" pass="1" fail="0" skip="0">Suites</stat>
<stat name="Project" id="s1-s1" pass="1" fail="0" skip="0">Suites.Project</stat>
</suite>
</statistics>
<errors>
</errors>
</robot>
