<?xml version="1.0" encoding="UTF-8"?>
<robot generator="Robot 7.2.2 (Python 3.13.2 on win32)" generated="2026-01-13T21:52:10.851351" rpa="false" schemaversion="5">
<suite id="s1" name="Suites">
<suite id="s1-s1" name="Alerts" source="E:\Bajajlife\pycharmProjectsAutomation\PycharmProjectsAutomation\TestCases\Alerts.robot">
<test id="s1-s1-t1" name="Handle Simple Alert" line="10">
<kw name="Open Browser" owner="SeleniumLibrary">
<msg time="2026-01-13T21:52:11.139980" level="INFO">Opening browser 'chrome' to base url 'https://testautomationpractice.blogspot.com/'.</msg>
<arg>${url}</arg>
<arg>${browser}</arg>
<doc>Opens a new browser instance to the optional ``url``.</doc>
<status status="PASS" start="2026-01-13T21:52:11.139257" elapsed="6.874142"/>
</kw>
<kw name="Maximize Browser Window" owner="SeleniumLibrary">
<doc>Maximizes current browser window.</doc>
<status status="PASS" start="2026-01-13T21:52:18.014237" elapsed="0.052239"/>
</kw>
<kw name="Sleep" owner="BuiltIn">
<msg time="2026-01-13T21:52:20.067740" level="INFO">Slept 2 seconds.</msg>
<arg>2s</arg>
<doc>Pauses the test executed for the given time.</doc>
<status status="PASS" start="2026-01-13T21:52:18.066839" elapsed="2.001201"/>
</kw>
<kw name="Execute Javascript" owner="SeleniumLibrary">
<msg time="2026-01-13T21:52:20.069661" level="INFO">Executing JavaScript:
window.scrollBy(0, 500)
Without any arguments.</msg>
<arg>window.scrollBy(0, 500)</arg>
<doc>Executes the given JavaScript code with possible arguments.</doc>
<status status="PASS" start="2026-01-13T21:52:20.068461" elapsed="0.016872"/>
</kw>
<kw name="Sleep" owner="BuiltIn">
<msg time="2026-01-13T21:52:21.086628" level="INFO">Slept 1 second.</msg>
<arg>1s</arg>
<doc>Pauses the test executed for the given time.</doc>
<status status="PASS" start="2026-01-13T21:52:20.085753" elapsed="1.001001"/>
</kw>
<kw name="Click Button" owner="SeleniumLibrary">
<msg time="2026-01-13T21:52:21.087353" level="INFO">Clicking button 'id=alertBtn'.</msg>
<arg>id=alertBtn</arg>
<doc>Clicks the button identified by ``locator``.</doc>
<status status="PASS" start="2026-01-13T21:52:21.086928" elapsed="0.119098"/>
</kw>
<kw name="Sleep" owner="BuiltIn">
<msg time="2026-01-13T21:52:22.207353" level="INFO">Slept 1 second.</msg>
<arg>1s</arg>
<doc>Pauses the test executed for the given time.</doc>
<status status="PASS" start="2026-01-13T21:52:21.206241" elapsed="1.001271"/>
</kw>
<kw name="Sleep" owner="BuiltIn">
<msg time="2026-01-13T21:52:23.208353" level="INFO">Slept 1 second.</msg>
<arg>1s</arg>
<doc>Pauses the test executed for the given time.</doc>
<status status="PASS" start="2026-01-13T21:52:22.207687" elapsed="1.000910"/>
</kw>
<kw name="Close Browser" owner="SeleniumLibrary">
<doc>Closes the current browser.</doc>
<status status="PASS" start="2026-01-13T21:52:23.209116" elapsed="2.177335"/>
</kw>
<status status="PASS" start="2026-01-13T21:52:11.138326" elapsed="14.248348"/>
</test>
<status status="PASS" start="2026-01-13T21:52:10.886713" elapsed="14.500620"/>
</suite>
<status status="PASS" start="2026-01-13T21:52:10.872703" elapsed="14.515774"/>
</suite>
<statistics>
<total>
<stat pass="1" fail="0" skip="0">All Tests</stat>
</total>
<tag>
</tag>
<suite>
<stat name="Suites" id="s1" pass="1" fail="0" skip="0">Suites</stat>
<stat name="Alerts" id="s1-s1" pass="1" fail="0" skip="0">Suites.Alerts</stat>
</suite>
</statistics>
<errors>
</errors>
</robot>
