<?xml version="1.0" encoding="UTF-8"?>
<robot generator="Robot 7.2.2 (Python 3.13.2 on win32)" generated="2026-01-13T21:53:53.812761" rpa="false" schemaversion="5">
<suite id="s1" name="Suites">
<suite id="s1-s1" name="Swithbrowser" source="E:\Bajajlife\pycharmProjectsAutomation\PycharmProjectsAutomation\TestCases\swithbrowser.robot">
<test id="s1-s1-t1" name="switchMultiple" line="7">
<kw name="Open Browser" owner="SeleniumLibrary">
<msg time="2026-01-13T21:53:53.985024" level="INFO">Opening browser 'chrome' to base url 'https://www.google.com/'.</msg>
<arg>https://www.google.com/</arg>
<arg>chrome</arg>
<doc>Opens a new browser instance to the optional ``url``.</doc>
<status status="PASS" start="2026-01-13T21:53:53.984797" elapsed="2.982938"/>
</kw>
<kw name="Maximize Browser Window" owner="SeleniumLibrary">
<doc>Maximizes current browser window.</doc>
<status status="PASS" start="2026-01-13T21:53:56.968019" elapsed="0.025628"/>
</kw>
<kw name="Sleep" owner="BuiltIn">
<msg time="2026-01-13T21:53:58.994429" level="INFO">Slept 2 seconds.</msg>
<arg>2</arg>
<doc>Pauses the test executed for the given time.</doc>
<status status="PASS" start="2026-01-13T21:53:56.994012" elapsed="2.000707"/>
</kw>
<kw name="Open Browser" owner="SeleniumLibrary">
<msg time="2026-01-13T21:53:58.995745" level="INFO">Opening browser 'chrome' to base url 'https://www.bing.com/'.</msg>
<arg>https://www.bing.com/</arg>
<arg>chrome</arg>
<doc>Opens a new browser instance to the optional ``url``.</doc>
<status status="PASS" start="2026-01-13T21:53:58.995191" elapsed="2.532411"/>
</kw>
<kw name="Switch Browser" owner="SeleniumLibrary">
<arg>1</arg>
<doc>Switches between active browsers using ``index_or_alias``.</doc>
<status status="PASS" start="2026-01-13T21:54:01.527901" elapsed="0.000252"/>
</kw>
<kw name="Get Title" owner="SeleniumLibrary">
<msg time="2026-01-13T21:54:01.532514" level="INFO">${title1} = Google</msg>
<var>${title1}</var>
<doc>Returns the title of the current page.</doc>
<status status="PASS" start="2026-01-13T21:54:01.528267" elapsed="0.004295"/>
</kw>
<kw name="Log To Console" owner="BuiltIn">
<arg>${title1}</arg>
<doc>Logs the given message to the console.</doc>
<status status="PASS" start="2026-01-13T21:54:01.532715" elapsed="0.000294"/>
</kw>
<kw name="Switch Browser" owner="SeleniumLibrary">
<arg>2</arg>
<doc>Switches between active browsers using ``index_or_alias``.</doc>
<status status="PASS" start="2026-01-13T21:54:01.533124" elapsed="0.000152"/>
</kw>
<kw name="Get Title" owner="SeleniumLibrary">
<msg time="2026-01-13T21:54:01.538686" level="INFO">${title2} = Search - Microsoft Bing</msg>
<var>${title2}</var>
<doc>Returns the title of the current page.</doc>
<status status="PASS" start="2026-01-13T21:54:01.533365" elapsed="0.005367"/>
</kw>
<kw name="Log To Console" owner="BuiltIn">
<arg>${title2}</arg>
<doc>Logs the given message to the console.</doc>
<status status="PASS" start="2026-01-13T21:54:01.538890" elapsed="0.000329"/>
</kw>
<status status="PASS" start="2026-01-13T21:53:53.984101" elapsed="7.555251"/>
</test>
<status status="PASS" start="2026-01-13T21:53:53.835991" elapsed="7.703767"/>
</suite>
<status status="PASS" start="2026-01-13T21:53:53.826041" elapsed="7.715380"/>
</suite>
<statistics>
<total>
<stat pass="1" fail="0" skip="0">All Tests</stat>
</total>
<tag>
</tag>
<suite>
<stat name="Suites" id="s1" pass="1" fail="0" skip="0">Suites</stat>
<stat name="Swithbrowser" id="s1-s1" pass="1" fail="0" skip="0">Suites.Swithbrowser</stat>
</suite>
</statistics>
<errors>
</errors>
</robot>
