<?xml version="1.0" encoding="UTF-8"?>
<robot generator="Robot 7.3.1 (Python 3.13.2 on win32)" generated="2025-12-01T00:31:25.402721" rpa="false" schemaversion="5">
<suite id="s1" name="Tabledemo" source="C:\Users\Admin\PycharmProjectsAutomation\Testcases\Tabledemo.robot">
<test id="s1-t1" name="Demotest" line="12">
<kw name="Open Browser" owner="SeleniumLibrary">
<msg time="2025-12-01T00:31:25.616125" level="INFO">Opening browser 'chrome' to base url 'https://testautomationpractice.blogspot.com/'.</msg>
<arg>${url}</arg>
<arg>${browser}</arg>
<doc>Opens a new browser instance to the optional ``url``.</doc>
<status status="PASS" start="2025-12-01T00:31:25.615808" elapsed="6.943117"/>
</kw>
<kw name="Maximize Browser Window" owner="SeleniumLibrary">
<doc>Maximizes current browser window.</doc>
<status status="PASS" start="2025-12-01T00:31:32.560561" elapsed="0.036240"/>
</kw>
<kw name="Set Selenium Implicit Wait" owner="SeleniumLibrary">
<arg>2</arg>
<doc>Sets the implicit wait value used by Selenium.</doc>
<status status="PASS" start="2025-12-01T00:31:32.597515" elapsed="0.002508"/>
</kw>
<kw name="Get Element Count" owner="SeleniumLibrary">
<msg time="2025-12-01T00:31:32.627329" level="INFO">${rows} = 7</msg>
<var>${rows}</var>
<arg>//table[@name="BookTable"]/tbody/tr</arg>
<doc>Returns the number of elements matching ``locator``.</doc>
<status status="PASS" start="2025-12-01T00:31:32.600534" elapsed="0.027028"/>
</kw>
<kw name="Log To Console" owner="BuiltIn">
<arg>${rows}</arg>
<doc>Logs the given message to the console.</doc>
<status status="PASS" start="2025-12-01T00:31:32.628437" elapsed="0.001233"/>
</kw>
<kw name="Get Element Count" owner="SeleniumLibrary">
<msg time="2025-12-01T00:31:32.649354" level="INFO">${col} = 4</msg>
<var>${col}</var>
<arg>//table[@name="BookTable"]/tbody/tr[1]/th</arg>
<doc>Returns the number of elements matching ``locator``.</doc>
<status status="PASS" start="2025-12-01T00:31:32.630516" elapsed="0.018947"/>
</kw>
<kw name="Log To Console" owner="BuiltIn">
<arg>${col}</arg>
<doc>Logs the given message to the console.</doc>
<status status="PASS" start="2025-12-01T00:31:32.650013" elapsed="0.000744"/>
</kw>
<kw name="Get Text" owner="SeleniumLibrary">
<msg time="2025-12-01T00:31:32.707994" level="INFO">${txt} = Master In Selenium</msg>
<var>${txt}</var>
<arg>//table[@name="BookTable"]/tbody/tr[5]/td[1]</arg>
<doc>Returns the text value of the element identified by ``locator``.</doc>
<status status="PASS" start="2025-12-01T00:31:32.651396" elapsed="0.056715"/>
</kw>
<kw name="Log To Console" owner="BuiltIn">
<arg>${txt}</arg>
<doc>Logs the given message to the console.</doc>
<status status="PASS" start="2025-12-01T00:31:32.708859" elapsed="0.000658"/>
</kw>
<kw name="Get Text" owner="SeleniumLibrary">
<msg time="2025-12-01T00:31:32.751096" level="INFO">${txt1} = Javascript</msg>
<var>${txt1}</var>
<arg>//table[@name="BookTable"]/tbody/tr[7]/td[3]</arg>
<doc>Returns the text value of the element identified by ``locator``.</doc>
<status status="PASS" start="2025-12-01T00:31:32.710444" elapsed="0.040760"/>
</kw>
<kw name="Log To Console" owner="BuiltIn">
<arg>${txt1}</arg>
<doc>Logs the given message to the console.</doc>
<status status="PASS" start="2025-12-01T00:31:32.751931" elapsed="0.000868"/>
</kw>
<kw name="Table Column Should Contain" owner="SeleniumLibrary">
<arg>xpath=//table[@name="BookTable"]</arg>
<arg>2</arg>
<arg>Author</arg>
<doc>Verifies table column contains text ``expected``.</doc>
<status status="PASS" start="2025-12-01T00:31:32.753501" elapsed="0.078264"/>
</kw>
<kw name="Table Row Should Contain" owner="SeleniumLibrary">
<arg>xpath=//table[@name="BookTable"]</arg>
<arg>5</arg>
<arg>Master In Selenium</arg>
<doc>Verifies that table row contains text ``expected``.</doc>
<status status="PASS" start="2025-12-01T00:31:32.832812" elapsed="0.072123"/>
</kw>
<kw name="Table Header Should Contain" owner="SeleniumLibrary">
<arg>xpath=//table[@name="BookTable"]</arg>
<arg>BookName</arg>
<doc>Verifies table header contains text ``expected``.</doc>
<status status="PASS" start="2025-12-01T00:31:32.905648" elapsed="0.060764"/>
</kw>
<kw name="Table Header Should Contain" owner="SeleniumLibrary">
<arg>xpath=//table[@name="BookTable"]</arg>
<arg>Author</arg>
<doc>Verifies table header contains text ``expected``.</doc>
<status status="PASS" start="2025-12-01T00:31:32.967342" elapsed="0.081923"/>
</kw>
<kw name="Table Header Should Contain" owner="SeleniumLibrary">
<arg>xpath=//table[@name="BookTable"]</arg>
<arg>Subject</arg>
<doc>Verifies table header contains text ``expected``.</doc>
<status status="PASS" start="2025-12-01T00:31:33.049979" elapsed="0.116504"/>
</kw>
<kw name="Close Browser" owner="SeleniumLibrary">
<doc>Closes the current browser.</doc>
<status status="PASS" start="2025-12-01T00:31:33.167225" elapsed="2.194470"/>
</kw>
<status status="PASS" start="2025-12-01T00:31:25.614704" elapsed="9.748212"/>
</test>
<status status="PASS" start="2025-12-01T00:31:25.403834" elapsed="9.961422"/>
</suite>
<statistics>
<total>
<stat pass="1" fail="0" skip="0">All Tests</stat>
</total>
<tag>
</tag>
<suite>
<stat name="Tabledemo" id="s1" pass="1" fail="0" skip="0">Tabledemo</stat>
</suite>
</statistics>
<errors>
</errors>
</robot>
