<?xml version="1.0" encoding="UTF-8"?>
<robot generator="Robot 7.2.2 (Python 3.13.2 on win32)" generated="2026-01-13T21:54:06.224450" rpa="false" schemaversion="5">
<suite id="s1" name="Suites">
<suite id="s1-s1" name="TC1" source="E:\Bajajlife\pycharmProjectsAutomation\PycharmProjectsAutomation\TestCases\TC1.robot">
<test id="s1-s1-t1" name="LoginTest" line="11">
<kw name="Open Browser" owner="SeleniumLibrary">
<msg time="2026-01-13T21:54:06.409993" level="INFO">Opening browser 'chrome' to base url 'https://opensource-demo.orangehrmlive.com/web/index.php/auth/login'.</msg>
<arg>${url}</arg>
<arg>${browser}</arg>
<doc>Opens a new browser instance to the optional ``url``.</doc>
<status status="PASS" start="2026-01-13T21:54:06.409706" elapsed="8.332335"/>
</kw>
<kw name="Maximize Browser Window" owner="SeleniumLibrary">
<doc>Maximizes current browser window.</doc>
<status status="PASS" start="2026-01-13T21:54:14.742281" elapsed="0.031834"/>
</kw>
<kw name="Wait Until Element Is Visible" owner="SeleniumLibrary">
<arg>xpath=//input[@placeholder='Username']</arg>
<arg>timeout=10s</arg>
<doc>Waits until the element ``locator`` is visible.</doc>
<status status="PASS" start="2026-01-13T21:54:14.774317" elapsed="0.734233"/>
</kw>
<kw name="Input Text" owner="SeleniumLibrary">
<msg time="2026-01-13T21:54:15.508947" level="INFO">Typing text 'Admin' into text field 'xpath=//input[@placeholder='Username']'.</msg>
<arg>xpath=//input[@placeholder='Username']</arg>
<arg>Admin</arg>
<doc>Types the given ``text`` into the text field identified by ``locator``.</doc>
<status status="PASS" start="2026-01-13T21:54:15.508718" elapsed="0.069935"/>
</kw>
<kw name="Input Text" owner="SeleniumLibrary">
<msg time="2026-01-13T21:54:15.579135" level="INFO">Typing text 'admin123' into text field 'xpath=//input[@placeholder='Password']'.</msg>
<arg>xpath=//input[@placeholder='Password']</arg>
<arg>admin123</arg>
<doc>Types the given ``text`` into the text field identified by ``locator``.</doc>
<status status="PASS" start="2026-01-13T21:54:15.578862" elapsed="0.063211"/>
</kw>
<kw name="Click Button" owner="SeleniumLibrary">
<msg time="2026-01-13T21:54:15.642498" level="INFO">Clicking button 'xpath=//button[@type='submit']'.</msg>
<arg>xpath=//button[@type='submit']</arg>
<doc>Clicks the button identified by ``locator``.</doc>
<status status="PASS" start="2026-01-13T21:54:15.642274" elapsed="0.055900"/>
</kw>
<kw name="Wait Until Page Contains Element" owner="SeleniumLibrary">
<arg>xpath=//h6[text()='Dashboard']</arg>
<arg>timeout=10s</arg>
<doc>Waits until the element ``locator`` appears on the current page.</doc>
<status status="PASS" start="2026-01-13T21:54:15.698442" elapsed="2.995765"/>
</kw>
<kw name="Click Element" owner="SeleniumLibrary">
<msg time="2026-01-13T21:54:18.694618" level="INFO">Clicking element '//i[@class='oxd-icon bi-caret-down-fill oxd-userdropdown-icon']'.</msg>
<arg>//i[@class='oxd-icon bi-caret-down-fill oxd-userdropdown-icon']</arg>
<doc>Click the element identified by ``locator``.</doc>
<status status="PASS" start="2026-01-13T21:54:18.694373" elapsed="0.061623"/>
</kw>
<kw name="Click Element" owner="SeleniumLibrary">
<msg time="2026-01-13T21:54:18.756367" level="INFO">Clicking element '//a[normalize-space()='Logout']'.</msg>
<arg>//a[normalize-space()='Logout']</arg>
<doc>Click the element identified by ``locator``.</doc>
<status status="PASS" start="2026-01-13T21:54:18.756152" elapsed="5.078563"/>
</kw>
<status status="PASS" start="2026-01-13T21:54:06.408922" elapsed="17.426208"/>
</test>
<status status="PASS" start="2026-01-13T21:54:06.248846" elapsed="17.587508"/>
</suite>
<status status="PASS" start="2026-01-13T21:54:06.237791" elapsed="17.600585"/>
</suite>
<statistics>
<total>
<stat pass="1" fail="0" skip="0">All Tests</stat>
</total>
<tag>
</tag>
<suite>
<stat name="Suites" id="s1" pass="1" fail="0" skip="0">Suites</stat>
<stat name="TC1" id="s1-s1" pass="1" fail="0" skip="0">Suites.TC1</stat>
</suite>
</statistics>
<errors>
</errors>
</robot>
