<?xml version="1.0" encoding="UTF-8"?>
<robot generator="Robot 7.2.2 (Python 3.13.2 on win32)" generated="2026-01-13T21:52:55.940698" rpa="false" schemaversion="5">
<suite id="s1" name="Suites">
<suite id="s1-s1" name="Dropdown" source="E:\Bajajlife\pycharmProjectsAutomation\PycharmProjectsAutomation\TestCases\dropdown.robot">
<test id="s1-s1-t1" name="Handling Dropdown and List" line="9">
<kw name="Open Browser" owner="SeleniumLibrary">
<msg time="2026-01-13T21:52:56.118025" level="INFO">Opening browser 'Chrome' to base url 'https://rahulshettyacademy.com/AutomationPractice/'.</msg>
<arg>${url}</arg>
<arg>${browser}</arg>
<doc>Opens a new browser instance to the optional ``url``.</doc>
<status status="PASS" start="2026-01-13T21:52:56.117733" elapsed="1.965578"/>
</kw>
<kw name="Maximize Browser Window" owner="SeleniumLibrary">
<doc>Maximizes current browser window.</doc>
<status status="PASS" start="2026-01-13T21:52:58.083741" elapsed="4.893012"/>
</kw>
<kw name="Wait Until Page Contains Element" owner="SeleniumLibrary">
<arg>//select[@id='dropdown-class-example']</arg>
<doc>Waits until the element ``locator`` appears on the current page.</doc>
<status status="PASS" start="2026-01-13T21:53:02.977176" elapsed="0.152770"/>
</kw>
<kw name="Select From List By Label" owner="SeleniumLibrary">
<msg time="2026-01-13T21:53:03.130390" level="INFO">Selecting options from selection list '//select[@id='dropdown-class-example']' by label Option2.</msg>
<arg>//select[@id='dropdown-class-example']</arg>
<arg>Option2</arg>
<doc>Selects options from selection list ``locator`` by ``labels``.</doc>
<status status="PASS" start="2026-01-13T21:53:03.130122" elapsed="0.086735"/>
</kw>
<kw name="Sleep" owner="BuiltIn">
<msg time="2026-01-13T21:53:04.218148" level="INFO">Slept 1 second.</msg>
<arg>1s</arg>
<doc>Pauses the test executed for the given time.</doc>
<status status="PASS" start="2026-01-13T21:53:03.217188" elapsed="1.001232"/>
</kw>
<kw name="Select From List By Index" owner="SeleniumLibrary">
<msg time="2026-01-13T21:53:04.219353" level="INFO">Selecting options from selection list '//select[@id='dropdown-class-example']' by index 3.</msg>
<arg>//select[@id='dropdown-class-example']</arg>
<arg>3</arg>
<doc>Selects options from selection list ``locator`` by ``indexes``.</doc>
<status status="PASS" start="2026-01-13T21:53:04.218836" elapsed="0.104855"/>
</kw>
<kw name="Sleep" owner="BuiltIn">
<msg time="2026-01-13T21:53:05.326910" level="INFO">Slept 1 second.</msg>
<arg>1s</arg>
<doc>Pauses the test executed for the given time.</doc>
<status status="PASS" start="2026-01-13T21:53:04.324221" elapsed="1.002930"/>
</kw>
<kw name="Close Browser" owner="SeleniumLibrary">
<doc>Closes the current browser.</doc>
<status status="PASS" start="2026-01-13T21:53:05.327532" elapsed="2.181523"/>
</kw>
<status status="PASS" start="2026-01-13T21:52:56.116978" elapsed="11.392481"/>
</test>
<status status="PASS" start="2026-01-13T21:52:55.963403" elapsed="11.547335"/>
</suite>
<status status="PASS" start="2026-01-13T21:52:55.952070" elapsed="11.560774"/>
</suite>
<statistics>
<total>
<stat pass="1" fail="0" skip="0">All Tests</stat>
</total>
<tag>
</tag>
<suite>
<stat name="Suites" id="s1" pass="1" fail="0" skip="0">Suites</stat>
<stat name="Dropdown" id="s1-s1" pass="1" fail="0" skip="0">Suites.Dropdown</stat>
</suite>
</statistics>
<errors>
</errors>
</robot>
