<?xml version="1.0" encoding="UTF-8"?>
<robot generator="Robot 7.2.2 (Python 3.13.2 on win32)" generated="2026-01-13T21:53:33.571773" rpa="false" schemaversion="5">
<suite id="s1" name="Suites">
<suite id="s1-s1" name="Practice" source="E:\Bajajlife\pycharmProjectsAutomation\PycharmProjectsAutomation\TestCases\practice.robot">
<test id="s1-s1-t1" name="practice" line="14">
<kw name="Open Browser" owner="SeleniumLibrary">
<msg time="2026-01-13T21:53:33.746641" level="INFO">Opening browser 'chrome' to base url 'https://www.bajajlifeinsurance.com/buy-online/isecure'.</msg>
<arg>${URL}</arg>
<arg>${BROWSER}</arg>
<doc>Opens a new browser instance to the optional ``url``.</doc>
<status status="PASS" start="2026-01-13T21:53:33.746331" elapsed="4.035402"/>
</kw>
<kw name="Maximize Browser Window" owner="SeleniumLibrary">
<doc>Maximizes current browser window.</doc>
<status status="PASS" start="2026-01-13T21:53:37.782200" elapsed="0.045231"/>
</kw>
<kw name="Wait Until Page Contains Element" owner="SeleniumLibrary">
<arg>//input[contains(@type,"text")]</arg>
<arg>10</arg>
<doc>Waits until the element ``locator`` appears on the current page.</doc>
<status status="PASS" start="2026-01-13T21:53:37.827810" elapsed="0.026734"/>
</kw>
<kw name="Input Text" owner="SeleniumLibrary">
<msg time="2026-01-13T21:53:37.855526" level="INFO">Typing text 'Rahul' into text field '//input[contains(@name,'Email')]'.</msg>
<arg>//input[contains(@name,'Email')]</arg>
<arg>Rahul</arg>
<arg>miskin</arg>
<doc>Types the given ``text`` into the text field identified by ``locator``.</doc>
<status status="PASS" start="2026-01-13T21:53:37.854963" elapsed="0.398770"/>
</kw>
<kw name="Set Selenium Implicit Wait" owner="SeleniumLibrary">
<arg>10</arg>
<doc>Sets the implicit wait value used by Selenium.</doc>
<status status="PASS" start="2026-01-13T21:53:38.254603" elapsed="0.011547"/>
</kw>
<kw name="Input Text" owner="SeleniumLibrary">
<msg time="2026-01-13T21:53:38.271961" level="INFO">Typing text 'Rahul Miskin' into text field '//input[contains(@name,"FullName")]'.</msg>
<arg>//input[contains(@name,"FullName")]</arg>
<arg>Rahul Miskin</arg>
<doc>Types the given ``text`` into the text field identified by ``locator``.</doc>
<status status="PASS" start="2026-01-13T21:53:38.268528" elapsed="1.048120"/>
</kw>
<kw name="Input Text" owner="SeleniumLibrary">
<msg time="2026-01-13T21:53:39.317823" level="INFO">Typing text '9898989898' into text field '//input[contains(@formcontrolname,"phoneNumber")]'.</msg>
<arg>//input[contains(@formcontrolname,"phoneNumber")]</arg>
<arg>9898989898</arg>
<doc>Types the given ``text`` into the text field identified by ``locator``.</doc>
<status status="PASS" start="2026-01-13T21:53:39.317210" elapsed="0.452298"/>
</kw>
<kw name="Input Text" owner="SeleniumLibrary">
<msg time="2026-01-13T21:53:39.770841" level="INFO">Typing text 'rd@gmail.com' into text field '//input[contains(@name,"Email")]'.</msg>
<arg>//input[contains(@name,"Email")]</arg>
<arg>rd@gmail.com</arg>
<doc>Types the given ``text`` into the text field identified by ``locator``.</doc>
<status status="PASS" start="2026-01-13T21:53:39.769984" elapsed="0.221373"/>
</kw>
<kw name="Click Element" owner="SeleniumLibrary">
<msg time="2026-01-13T21:53:39.992851" level="INFO">Clicking element '//div[contains(@class,"mt-2 mb-3 mob-pin-div")]//child::span[contains(text(),"Male")]'.</msg>
<arg>//div[contains(@class,"mt-2 mb-3 mob-pin-div")]//child::span[contains(text(),"Male")]</arg>
<doc>Click the element identified by ``locator``.</doc>
<status status="PASS" start="2026-01-13T21:53:39.991961" elapsed="0.150651"/>
</kw>
<kw name="Wait Until Element Is Visible" owner="SeleniumLibrary">
<msg time="2026-01-13T21:53:50.581927" level="INFO" html="true">&lt;/td&gt;&lt;/tr&gt;&lt;tr&gt;&lt;td colspan="3"&gt;&lt;a href="selenium-screenshot-1.png"&gt;&lt;img src="selenium-screenshot-1.png" width="800px"&gt;&lt;/a&gt;</msg>
<msg time="2026-01-13T21:53:50.582211" level="FAIL">Element 'xpath=//input[@aria-label='Date of Birth']' not visible after 10 seconds.</msg>
<arg>xpath=//input[@aria-label='Date of Birth']</arg>
<arg>10s</arg>
<doc>Waits until the element ``locator`` is visible.</doc>
<status status="FAIL" start="2026-01-13T21:53:40.142961" elapsed="10.445653">Element 'xpath=//input[@aria-label='Date of Birth']' not visible after 10 seconds.</status>
</kw>
<kw name="Clear Element Text" owner="SeleniumLibrary">
<arg>xpath=//input[@aria-label='Date of Birth']</arg>
<doc>Clears the value of the text-input-element identified by ``locator``.</doc>
<status status="NOT RUN" start="2026-01-13T21:53:50.589043" elapsed="0.000137"/>
</kw>
<kw name="Input Text" owner="SeleniumLibrary">
<arg>xpath=//input[@aria-label='Date of Birth']</arg>
<arg>08/01/2008</arg>
<doc>Types the given ``text`` into the text field identified by ``locator``.</doc>
<status status="NOT RUN" start="2026-01-13T21:53:50.589337" elapsed="0.000139"/>
</kw>
<kw name="Execute Javascript" owner="SeleniumLibrary">
<arg>window.scrollBy(0,500)</arg>
<doc>Executes the given JavaScript code with possible arguments.</doc>
<status status="NOT RUN" start="2026-01-13T21:53:50.589939" elapsed="0.000190"/>
</kw>
<kw name="Click Button" owner="SeleniumLibrary">
<arg>xpath=//button[contains(@class,'headBtn next-btn')]</arg>
<doc>Clicks the button identified by ``locator``.</doc>
<status status="NOT RUN" start="2026-01-13T21:53:50.590457" elapsed="0.000143"/>
</kw>
<kw name="Click Element" owner="SeleniumLibrary">
<arg>//label[contains(@class,"option option-1")][1]</arg>
<doc>Click the element identified by ``locator``.</doc>
<status status="NOT RUN" start="2026-01-13T21:53:50.590927" elapsed="0.000136"/>
</kw>
<kw name="Click Element" owner="SeleniumLibrary">
<arg>//label[contains(@for,"smokeChewNo")]</arg>
<doc>Click the element identified by ``locator``.</doc>
<status status="NOT RUN" start="2026-01-13T21:53:50.591355" elapsed="0.000122"/>
</kw>
<kw name="Execute Javascript" owner="SeleniumLibrary">
<arg>window.scrollBy(0,500)</arg>
<doc>Executes the given JavaScript code with possible arguments.</doc>
<status status="NOT RUN" start="2026-01-13T21:53:50.591757" elapsed="0.000111"/>
</kw>
<kw name="Click Button" owner="SeleniumLibrary">
<arg>//button[contains(@class,"headBtn next-btn-hmevt mb-3")]</arg>
<doc>Clicks the button identified by ``locator``.</doc>
<status status="NOT RUN" start="2026-01-13T21:53:50.592116" elapsed="0.000112"/>
</kw>
<try>
<branch type="TRY">
<kw name="Element Should Be Enabled" owner="SeleniumLibrary">
<arg>//button[contains(@type"button")]//parent::div[contains(@class,"mt-2 col-md-12")]</arg>
<doc>Verifies that element identified by ``locator`` is enabled.</doc>
<status status="NOT RUN" start="2026-01-13T21:53:50.592917" elapsed="0.000125"/>
</kw>
<status status="NOT RUN" start="2026-01-13T21:53:50.592576" elapsed="0.000635"/>
</branch>
<branch type="EXCEPT">
<kw name="Capture Page Screenshot" owner="SeleniumLibrary">
<doc>Takes a screenshot of the current page and embeds it into a log file.</doc>
<status status="NOT RUN" start="2026-01-13T21:53:50.593746" elapsed="0.000137"/>
</kw>
<kw name="Log To Console" owner="BuiltIn">
<arg>NO exception</arg>
<doc>Logs the given message to the console.</doc>
<status status="NOT RUN" start="2026-01-13T21:53:50.594181" elapsed="0.000132"/>
</kw>
<status status="NOT RUN" start="2026-01-13T21:53:50.593429" elapsed="0.001035"/>
</branch>
<status status="NOT RUN" start="2026-01-13T21:53:50.592435" elapsed="0.002215"/>
</try>
<kw name="Capture Page Screenshot" owner="SeleniumLibrary">
<doc>Takes a screenshot of the current page and embeds it into a log file.</doc>
<status status="NOT RUN" start="2026-01-13T21:53:50.594899" elapsed="0.000129"/>
</kw>
<kw name="Run Keyword And Return Status" owner="BuiltIn">
<var>${status}</var>
<arg>Page Should Contain</arg>
<arg>Bajaj Life iSecure II</arg>
<doc>Runs the given keyword with given arguments and returns the status as a Boolean value.</doc>
<status status="NOT RUN" start="2026-01-13T21:53:50.595367" elapsed="0.000139"/>
</kw>
<kw name="Run Keyword If" owner="BuiltIn">
<arg>'${status}'=='True'</arg>
<arg>Log</arg>
<arg>pass</arg>
<arg>ELSE</arg>
<arg>Log</arg>
<arg>fail</arg>
<doc>Runs the given keyword with the given arguments, if ``condition`` is true.</doc>
<status status="NOT RUN" start="2026-01-13T21:53:50.596111" elapsed="0.000156"/>
</kw>
<kw name="Create List" owner="BuiltIn">
<var>@{text}</var>
<arg>Bajaj Life iSecure II</arg>
<arg>Calculate Benefits</arg>
<arg>Key Benefits</arg>
<doc>Returns a list containing given items.</doc>
<status status="NOT RUN" start="2026-01-13T21:53:50.596520" elapsed="0.000098"/>
</kw>
<for flavor="IN">
<iter>
<kw name="Run Keyword And Return Status" owner="BuiltIn">
<var>${status}</var>
<arg>Page Should Contain</arg>
<arg>${t}</arg>
<doc>Runs the given keyword with given arguments and returns the status as a Boolean value.</doc>
<status status="NOT RUN" start="2026-01-13T21:53:50.597522" elapsed="0.000137"/>
</kw>
<kw name="Run Keyword If" owner="BuiltIn">
<arg>'$status}'=='True'</arg>
<arg>Log</arg>
<arg>pass</arg>
<arg>ELSE</arg>
<arg>Log</arg>
<arg>fail</arg>
<doc>Runs the given keyword with the given arguments, if ``condition`` is true.</doc>
<status status="NOT RUN" start="2026-01-13T21:53:50.598067" elapsed="0.000083"/>
</kw>
<var name="${t}"/>
<status status="NOT RUN" start="2026-01-13T21:53:50.597267" elapsed="0.000945"/>
</iter>
<var>${t}</var>
<value>@{text}</value>
<status status="NOT RUN" start="2026-01-13T21:53:50.596794" elapsed="0.001491"/>
</for>
<try>
<branch type="TRY">
<kw name="Page Should Contain" owner="SeleniumLibrary">
<arg>${t}</arg>
<doc>Verifies that current page contains ``text``.</doc>
<status status="NOT RUN" start="2026-01-13T21:53:50.598531" elapsed="0.000107"/>
</kw>
<kw name="Log To Console" owner="BuiltIn">
<arg>Pass</arg>
<doc>Logs the given message to the console.</doc>
<status status="NOT RUN" start="2026-01-13T21:53:50.598744" elapsed="0.000051"/>
</kw>
<status status="NOT RUN" start="2026-01-13T21:53:50.598406" elapsed="0.000515"/>
</branch>
<branch type="EXCEPT">
<kw name="Log" owner="BuiltIn">
<arg>no such element exception</arg>
<doc>Logs the given message with the given level.</doc>
<status status="NOT RUN" start="2026-01-13T21:53:50.599278" elapsed="0.000087"/>
</kw>
<kw name="Capture Page Screenshot" owner="SeleniumLibrary">
<doc>Takes a screenshot of the current page and embeds it into a log file.</doc>
<status status="NOT RUN" start="2026-01-13T21:53:50.599558" elapsed="0.000252"/>
</kw>
<status status="NOT RUN" start="2026-01-13T21:53:50.599058" elapsed="0.000855"/>
</branch>
<status status="NOT RUN" start="2026-01-13T21:53:50.598371" elapsed="0.001659"/>
</try>
<kw name="Run Keyword And Return Status" owner="BuiltIn">
<var>${status}</var>
<arg>Element Should Be Visible</arg>
<arg>//button[contains(@type,"button")]//parent::div[contains(@class,"mt-2 col-md-12")]</arg>
<doc>Runs the given keyword with given arguments and returns the status as a Boolean value.</doc>
<status status="NOT RUN" start="2026-01-13T21:53:50.600212" elapsed="0.000100"/>
</kw>
<kw name="Run Keyword If" owner="BuiltIn">
<arg>${status}</arg>
<arg>Click Element</arg>
<arg>//button[contains(@type,"button")]//parent::div[contains(@class,"mt-2 col-md-12")]</arg>
<doc>Runs the given keyword with the given arguments, if ``condition`` is true.</doc>
<status status="NOT RUN" start="2026-01-13T21:53:50.600524" elapsed="0.000081"/>
</kw>
<kw name="Run Keyword If" owner="BuiltIn">
<arg>not ${status}</arg>
<arg>Log To Console</arg>
<arg>no</arg>
<doc>Runs the given keyword with the given arguments, if ``condition`` is true.</doc>
<status status="NOT RUN" start="2026-01-13T21:53:50.600805" elapsed="0.000079"/>
</kw>
<kw name="Select From List By Label" owner="SeleniumLibrary">
<arg>//select[contains(@name,"education")]</arg>
<doc>Selects options from selection list ``locator`` by ``labels``.</doc>
<status status="NOT RUN" start="2026-01-13T21:53:50.601075" elapsed="0.000084"/>
</kw>
<status status="FAIL" start="2026-01-13T21:53:33.745085" elapsed="16.856554">Element 'xpath=//input[@aria-label='Date of Birth']' not visible after 10 seconds.</status>
</test>
<status status="FAIL" start="2026-01-13T21:53:33.593007" elapsed="17.011066"/>
</suite>
<status status="FAIL" start="2026-01-13T21:53:33.582816" elapsed="17.022055"/>
</suite>
<statistics>
<total>
<stat pass="0" fail="1" skip="0">All Tests</stat>
</total>
<tag>
</tag>
<suite>
<stat name="Suites" id="s1" pass="0" fail="1" skip="0">Suites</stat>
<stat name="Practice" id="s1-s1" pass="0" fail="1" skip="0">Suites.Practice</stat>
</suite>
</statistics>
<errors>
</errors>
</robot>
