<?xml version="1.0" encoding="UTF-8"?>
<robot generator="Robot 7.2.2 (Python 3.13.2 on win32)" generated="2026-01-13T21:54:47.308307" rpa="false" schemaversion="5">
<suite id="s1" name="Suites">
<suite id="s1-s1" name="TabbedWindows" source="E:\Bajajlife\pycharmProjectsAutomation\PycharmProjectsAutomation\TestCases\TabbedWindows.robot">
<test id="s1-s1-t1" name="TabbedWindowsTest" line="10">
<kw name="Open Browser" owner="SeleniumLibrary">
<msg time="2026-01-13T21:54:47.487394" level="INFO">Opening browser 'chrome' to base url 'http://demo.automationtesting.in/Windows.html'.</msg>
<arg>http://demo.automationtesting.in/Windows.html</arg>
<arg>chrome</arg>
<doc>Opens a new browser instance to the optional ``url``.</doc>
<status status="PASS" start="2026-01-13T21:54:47.487149" elapsed="5.963163"/>
</kw>
<kw name="Maximize Browser Window" owner="SeleniumLibrary">
<doc>Maximizes current browser window.</doc>
<status status="PASS" start="2026-01-13T21:54:53.450984" elapsed="0.036427"/>
</kw>
<kw name="Click Element" owner="SeleniumLibrary">
<msg time="2026-01-13T21:54:53.488538" level="INFO">Clicking element '//button[@class="btn btn-info"]'.</msg>
<arg>//button[@class="btn btn-info"]</arg>
<doc>Click the element identified by ``locator``.</doc>
<status status="PASS" start="2026-01-13T21:54:53.487696" elapsed="0.149614"/>
</kw>
<kw name="Sleep" owner="BuiltIn">
<msg time="2026-01-13T21:54:55.638343" level="INFO">Slept 2 seconds.</msg>
<arg>2sec</arg>
<doc>Pauses the test executed for the given time.</doc>
<status status="PASS" start="2026-01-13T21:54:53.637613" elapsed="2.001020"/>
</kw>
<kw name="Get Title" owner="SeleniumLibrary">
<msg time="2026-01-13T21:54:55.668243" level="INFO">${title} = Frames &amp; windows</msg>
<var>${title}</var>
<doc>Returns the title of the current page.</doc>
<status status="PASS" start="2026-01-13T21:54:55.639051" elapsed="0.029248"/>
</kw>
<kw name="Log To Console" owner="BuiltIn">
<arg>${title}</arg>
<doc>Logs the given message to the console.</doc>
<status status="PASS" start="2026-01-13T21:54:55.668614" elapsed="0.001212"/>
</kw>
<kw name="Switch Window" owner="SeleniumLibrary">
<msg time="2026-01-13T21:54:56.008672" level="INFO" html="true">&lt;/td&gt;&lt;/tr&gt;&lt;tr&gt;&lt;td colspan="3"&gt;&lt;a href="selenium-screenshot-1.png"&gt;&lt;img src="selenium-screenshot-1.png" width="800px"&gt;&lt;/a&gt;</msg>
<msg time="2026-01-13T21:54:56.008850" level="FAIL">No window matching handle, name, title or URL 'http://www.selenium.dev' found.</msg>
<arg>http://www.selenium.dev</arg>
<doc>Switches to browser window matching ``locator``.</doc>
<status status="FAIL" start="2026-01-13T21:54:55.670277" elapsed="0.344180">No window matching handle, name, title or URL 'http://www.selenium.dev' found.</status>
</kw>
<kw name="Sleep" owner="BuiltIn">
<arg>3sec</arg>
<doc>Pauses the test executed for the given time.</doc>
<status status="NOT RUN" start="2026-01-13T21:54:56.014832" elapsed="0.000103"/>
</kw>
<status status="FAIL" start="2026-01-13T21:54:47.486149" elapsed="8.529081">No window matching handle, name, title or URL 'http://www.selenium.dev' found.</status>
</test>
<status status="FAIL" start="2026-01-13T21:54:47.329645" elapsed="8.687262"/>
</suite>
<status status="FAIL" start="2026-01-13T21:54:47.319710" elapsed="8.698004"/>
</suite>
<statistics>
<total>
<stat pass="0" fail="1" skip="0">All Tests</stat>
</total>
<tag>
</tag>
<suite>
<stat name="Suites" id="s1" pass="0" fail="1" skip="0">Suites</stat>
<stat name="TabbedWindows" id="s1-s1" pass="0" fail="1" skip="0">Suites.TabbedWindows</stat>
</suite>
</statistics>
<errors>
</errors>
</robot>
