<?xml version="1.0" encoding="UTF-8"?>
<robot generator="Robot 7.2.2 (Python 3.13.2 on win32)" generated="2026-01-13T21:53:19.180568" rpa="false" schemaversion="5">
<suite id="s1" name="Suites">
<suite id="s1-s1" name="Mouseoperations" source="E:\Bajajlife\pycharmProjectsAutomation\PycharmProjectsAutomation\TestCases\mouseoperations.robot">
<test id="s1-s1-t1" name="MouseActions" line="5">
<kw name="Open Browser" owner="SeleniumLibrary">
<msg time="2026-01-13T21:53:19.347175" level="INFO">Opening browser 'chrome' to base url 'https://swisnl.github.io/jQuery-contextMenu/demo.html'.</msg>
<arg>https://swisnl.github.io/jQuery-contextMenu/demo.html</arg>
<arg>chrome</arg>
<doc>Opens a new browser instance to the optional ``url``.</doc>
<status status="PASS" start="2026-01-13T21:53:19.346946" elapsed="2.748432"/>
</kw>
<kw name="Maximize Browser Window" owner="SeleniumLibrary">
<doc>Maximizes current browser window.</doc>
<status status="PASS" start="2026-01-13T21:53:22.095633" elapsed="0.030693"/>
</kw>
<kw name="Set Selenium Implicit Wait" owner="SeleniumLibrary">
<arg>3</arg>
<doc>Sets the implicit wait value used by Selenium.</doc>
<status status="PASS" start="2026-01-13T21:53:22.126537" elapsed="0.001425"/>
</kw>
<kw name="Open Context Menu" owner="SeleniumLibrary">
<arg>xpath=//span[@class="context-menu-one btn btn-neutral"]</arg>
<doc>Opens the context menu on the element identified by ``locator``.</doc>
<status status="PASS" start="2026-01-13T21:53:22.128156" elapsed="0.292352"/>
</kw>
<kw name="Go To" owner="SeleniumLibrary">
<msg time="2026-01-13T21:53:22.421240" level="INFO">Opening url 'https://testautomationpractice.blogspot.com/'</msg>
<arg>https://testautomationpractice.blogspot.com/</arg>
<doc>Navigates the current browser window to the provided ``url``.</doc>
<status status="PASS" start="2026-01-13T21:53:22.420870" elapsed="4.375470"/>
</kw>
<kw name="Scroll Element Into View" owner="SeleniumLibrary">
<arg>xpath=//button[normalize-space()='Copy Text']</arg>
<doc>Scrolls the element identified by ``locator`` into view.</doc>
<status status="PASS" start="2026-01-13T21:53:26.796575" elapsed="0.309669"/>
</kw>
<kw name="Double Click Element" owner="SeleniumLibrary">
<msg time="2026-01-13T21:53:27.106962" level="INFO">Double clicking element 'xpath=//button[normalize-space()='Copy Text']'.</msg>
<arg>xpath=//button[normalize-space()='Copy Text']</arg>
<doc>Double clicks the element identified by ``locator``.</doc>
<status status="PASS" start="2026-01-13T21:53:27.106558" elapsed="0.309103"/>
</kw>
<kw name="Sleep" owner="BuiltIn">
<msg time="2026-01-13T21:53:30.417156" level="INFO">Slept 3 seconds.</msg>
<arg>3</arg>
<doc>Pauses the test executed for the given time.</doc>
<status status="PASS" start="2026-01-13T21:53:27.416054" elapsed="3.001273"/>
</kw>
<kw name="Drag And Drop" owner="SeleniumLibrary">
<arg>//div[@id="droppable"]</arg>
<arg>//div[@id="droppable"]</arg>
<doc>Drags the element identified by ``locator`` into the ``target`` element.</doc>
<status status="PASS" start="2026-01-13T21:53:30.417518" elapsed="0.576342"/>
</kw>
<status status="PASS" start="2026-01-13T21:53:19.346234" elapsed="11.647842"/>
</test>
<status status="PASS" start="2026-01-13T21:53:19.200380" elapsed="11.794278"/>
</suite>
<status status="PASS" start="2026-01-13T21:53:19.191015" elapsed="11.804812"/>
</suite>
<statistics>
<total>
<stat pass="1" fail="0" skip="0">All Tests</stat>
</total>
<tag>
</tag>
<suite>
<stat name="Suites" id="s1" pass="1" fail="0" skip="0">Suites</stat>
<stat name="Mouseoperations" id="s1-s1" pass="1" fail="0" skip="0">Suites.Mouseoperations</stat>
</suite>
</statistics>
<errors>
</errors>
</robot>
