<?xml version="1.0" encoding="UTF-8"?>
<robot generator="Robot 7.2.2 (Python 3.13.2 on win32)" generated="2026-01-13T23:41:44.832477" rpa="false" schemaversion="5">
<suite id="s1" name="Practice" source="E:\Bajajlife\pycharmProjectsAutomation\PycharmProjectsAutomation\TestCases\practice.robot">
<test id="s1-t1" name="practice" line="14">
<kw name="Open Browser" owner="SeleniumLibrary">
<msg time="2026-01-13T23:41:45.011589" level="INFO">Opening browser 'chrome' to base url 'https://www.bajajlifeinsurance.com/buy-online/isecure'.</msg>
<arg>${URL}</arg>
<arg>${BROWSER}</arg>
<doc>Opens a new browser instance to the optional ``url``.</doc>
<status status="PASS" start="2026-01-13T23:41:45.011364" elapsed="4.500460"/>
</kw>
<kw name="Maximize Browser Window" owner="SeleniumLibrary">
<doc>Maximizes current browser window.</doc>
<status status="PASS" start="2026-01-13T23:41:49.512212" elapsed="0.041472"/>
</kw>
<kw name="Wait Until Page Contains Element" owner="SeleniumLibrary">
<arg>//input[contains(@type,"text")]</arg>
<arg>10</arg>
<doc>Waits until the element ``locator`` appears on the current page.</doc>
<status status="PASS" start="2026-01-13T23:41:49.554058" elapsed="0.016091"/>
</kw>
<kw name="Set Selenium Implicit Wait" owner="SeleniumLibrary">
<arg>10</arg>
<doc>Sets the implicit wait value used by Selenium.</doc>
<status status="PASS" start="2026-01-13T23:41:49.570521" elapsed="0.001217"/>
</kw>
<kw name="Input Text" owner="SeleniumLibrary">
<msg time="2026-01-13T23:41:49.572263" level="INFO">Typing text 'Rahul Miskin' into text field '//input[contains(@name,"FullName")]'.</msg>
<arg>//input[contains(@name,"FullName")]</arg>
<arg>Rahul Miskin</arg>
<doc>Types the given ``text`` into the text field identified by ``locator``.</doc>
<status status="PASS" start="2026-01-13T23:41:49.572048" elapsed="0.187287"/>
</kw>
<kw name="Input Text" owner="SeleniumLibrary">
<msg time="2026-01-13T23:41:49.760315" level="INFO">Typing text '9898989898' into text field '//input[contains(@formcontrolname,"phoneNumber")]'.</msg>
<arg>//input[contains(@formcontrolname,"phoneNumber")]</arg>
<arg>9898989898</arg>
<doc>Types the given ``text`` into the text field identified by ``locator``.</doc>
<status status="PASS" start="2026-01-13T23:41:49.759874" elapsed="0.104772"/>
</kw>
<kw name="Input Text" owner="SeleniumLibrary">
<msg time="2026-01-13T23:41:49.865591" level="INFO">Typing text 'rd@gmail.com' into text field '//input[contains(@name,"Email")]'.</msg>
<arg>//input[contains(@name,"Email")]</arg>
<arg>rd@gmail.com</arg>
<doc>Types the given ``text`` into the text field identified by ``locator``.</doc>
<status status="PASS" start="2026-01-13T23:41:49.865154" elapsed="0.104145"/>
</kw>
<kw name="Click Element" owner="SeleniumLibrary">
<msg time="2026-01-13T23:41:49.969875" level="INFO">Clicking element '//div[contains(@class,"mt-2 mb-3 mob-pin-div")]//child::span[contains(text(),"Male")]'.</msg>
<arg>//div[contains(@class,"mt-2 mb-3 mob-pin-div")]//child::span[contains(text(),"Male")]</arg>
<doc>Click the element identified by ``locator``.</doc>
<status status="PASS" start="2026-01-13T23:41:49.969676" elapsed="0.068418"/>
</kw>
<kw name="Wait Until Element Is Visible" owner="SeleniumLibrary">
<arg>//input[contains(@id,'mat-input-0')]</arg>
<arg>10s</arg>
<doc>Waits until the element ``locator`` is visible.</doc>
<status status="PASS" start="2026-01-13T23:41:50.038377" elapsed="0.051326"/>
</kw>
<kw name="Clear Element Text" owner="SeleniumLibrary">
<arg>//input[contains(@id,'mat-input-0')]</arg>
<doc>Clears the value of the text-input-element identified by ``locator``.</doc>
<status status="PASS" start="2026-01-13T23:41:50.090033" elapsed="0.032895"/>
</kw>
<kw name="Input Text" owner="SeleniumLibrary">
<msg time="2026-01-13T23:41:50.123410" level="INFO">Typing text '08/01/2008' into text field '//input[contains(@id,'mat-input-0')]'.</msg>
<arg>//input[contains(@id,'mat-input-0')]</arg>
<arg>08/01/2008</arg>
<doc>Types the given ``text`` into the text field identified by ``locator``.</doc>
<status status="PASS" start="2026-01-13T23:41:50.123230" elapsed="0.088784"/>
</kw>
<kw name="Execute Javascript" owner="SeleniumLibrary">
<msg time="2026-01-13T23:41:50.218066" level="INFO">Executing JavaScript:
window.scrollBy(0,500)
Without any arguments.</msg>
<arg>window.scrollBy(0,500)</arg>
<doc>Executes the given JavaScript code with possible arguments.</doc>
<status status="PASS" start="2026-01-13T23:41:50.217436" elapsed="0.018434"/>
</kw>
<kw name="Click Button" owner="SeleniumLibrary">
<msg time="2026-01-13T23:41:50.236364" level="INFO">Clicking button 'xpath=//button[contains(@class,'headBtn next-btn')]'.</msg>
<arg>xpath=//button[contains(@class,'headBtn next-btn')]</arg>
<doc>Clicks the button identified by ``locator``.</doc>
<status status="PASS" start="2026-01-13T23:41:50.236173" elapsed="0.083845"/>
</kw>
<kw name="Select From List By Label" owner="SeleniumLibrary">
<msg time="2026-01-13T23:41:50.320505" level="INFO">Selecting options from selection list '//select[contains(@name,"education")]' by label HSC.</msg>
<arg>//select[contains(@name,"education")]</arg>
<arg>HSC</arg>
<doc>Selects options from selection list ``locator`` by ``labels``.</doc>
<status status="PASS" start="2026-01-13T23:41:50.320322" elapsed="0.882413"/>
</kw>
<kw name="Wait Until Page Contains Element" owner="SeleniumLibrary">
<arg>//select[contains(@name,"education")]</arg>
<arg>10</arg>
<doc>Waits until the element ``locator`` appears on the current page.</doc>
<status status="PASS" start="2026-01-13T23:41:51.203131" elapsed="0.009464"/>
</kw>
<kw name="Set Selenium Implicit Wait" owner="SeleniumLibrary">
<arg>10</arg>
<doc>Sets the implicit wait value used by Selenium.</doc>
<status status="PASS" start="2026-01-13T23:41:51.213106" elapsed="0.001973"/>
</kw>
<kw name="Select From List By Label" owner="SeleniumLibrary">
<msg time="2026-01-13T23:41:51.215468" level="INFO">Selecting options from selection list '//select[contains(@formcontrolname,"occupation")]' by label Professional.</msg>
<arg>//select[contains(@formcontrolname,"occupation")]</arg>
<arg>Professional</arg>
<doc>Selects options from selection list ``locator`` by ``labels``.</doc>
<status status="PASS" start="2026-01-13T23:41:51.215307" elapsed="0.071041"/>
</kw>
<kw name="Input Text" owner="SeleniumLibrary">
<msg time="2026-01-13T23:41:51.286825" level="INFO">Typing text '2000000' into text field '//input[contains(@type,"number" )]'.</msg>
<arg>//input[contains(@type,"number" )]</arg>
<arg>2000000</arg>
<doc>Types the given ``text`` into the text field identified by ``locator``.</doc>
<status status="PASS" start="2026-01-13T23:41:51.286660" elapsed="0.095491"/>
</kw>
<kw name="Input Text" owner="SeleniumLibrary">
<msg time="2026-01-13T23:41:51.382772" level="INFO">Typing text '413005' into text field '//input[contains(@type,"Number")]'.</msg>
<arg>//input[contains(@type,"Number")]</arg>
<arg>413005</arg>
<doc>Types the given ``text`` into the text field identified by ``locator``.</doc>
<status status="PASS" start="2026-01-13T23:41:51.382504" elapsed="0.070425"/>
</kw>
<kw name="Click Element" owner="SeleniumLibrary">
<msg time="2026-01-13T23:41:51.453415" level="INFO">Clicking element '//button[contains(@type,"button")]'.</msg>
<arg>//button[contains(@type,"button")]</arg>
<doc>Click the element identified by ``locator``.</doc>
<status status="PASS" start="2026-01-13T23:41:51.453243" elapsed="0.081034"/>
</kw>
<kw name="Close Browser" owner="SeleniumLibrary">
<doc>Closes the current browser.</doc>
<status status="PASS" start="2026-01-13T23:41:51.534584" elapsed="2.132996"/>
</kw>
<status status="PASS" start="2026-01-13T23:41:45.010422" elapsed="8.657909"/>
</test>
<status status="PASS" start="2026-01-13T23:41:44.833609" elapsed="8.836774"/>
</suite>
<statistics>
<total>
<stat pass="1" fail="0" skip="0">All Tests</stat>
</total>
<tag>
</tag>
<suite>
<stat name="Practice" id="s1" pass="1" fail="0" skip="0">Practice</stat>
</suite>
</statistics>
<errors>
</errors>
</robot>
