<?xml version="1.0" encoding="UTF-8"?>
<robot generator="Rebot 7.2.2 (Python 3.13.2 on win32)" generated="2026-01-13T21:55:43.462296" rpa="false" schemaversion="5">
<suite id="s1" name="Suites">
<suite id="s1-s1" name="Alerts" source="E:\Bajajlife\pycharmProjectsAutomation\PycharmProjectsAutomation\TestCases\Alerts.robot">
<test id="s1-s1-t1" name="Handle Simple Alert" line="10">
<kw name="Open Browser" owner="SeleniumLibrary">
<msg time="2026-01-13T21:52:11.139980" level="INFO">Opening browser 'chrome' to base url 'https://testautomationpractice.blogspot.com/'.</msg>
<arg>${url}</arg>
<arg>${browser}</arg>
<doc>Opens a new browser instance to the optional ``url``.</doc>
<status status="PASS" start="2026-01-13T21:52:11.139257" elapsed="6.874142"/>
</kw>
<kw name="Maximize Browser Window" owner="SeleniumLibrary">
<doc>Maximizes current browser window.</doc>
<status status="PASS" start="2026-01-13T21:52:18.014237" elapsed="0.052239"/>
</kw>
<kw name="Sleep" owner="BuiltIn">
<msg time="2026-01-13T21:52:20.067740" level="INFO">Slept 2 seconds.</msg>
<arg>2s</arg>
<doc>Pauses the test executed for the given time.</doc>
<status status="PASS" start="2026-01-13T21:52:18.066839" elapsed="2.001201"/>
</kw>
<kw name="Execute Javascript" owner="SeleniumLibrary">
<msg time="2026-01-13T21:52:20.069661" level="INFO">Executing JavaScript:
window.scrollBy(0, 500)
Without any arguments.</msg>
<arg>window.scrollBy(0, 500)</arg>
<doc>Executes the given JavaScript code with possible arguments.</doc>
<status status="PASS" start="2026-01-13T21:52:20.068461" elapsed="0.016872"/>
</kw>
<kw name="Sleep" owner="BuiltIn">
<msg time="2026-01-13T21:52:21.086628" level="INFO">Slept 1 second.</msg>
<arg>1s</arg>
<doc>Pauses the test executed for the given time.</doc>
<status status="PASS" start="2026-01-13T21:52:20.085753" elapsed="1.001001"/>
</kw>
<kw name="Click Button" owner="SeleniumLibrary">
<msg time="2026-01-13T21:52:21.087353" level="INFO">Clicking button 'id=alertBtn'.</msg>
<arg>id=alertBtn</arg>
<doc>Clicks the button identified by ``locator``.</doc>
<status status="PASS" start="2026-01-13T21:52:21.086928" elapsed="0.119098"/>
</kw>
<kw name="Sleep" owner="BuiltIn">
<msg time="2026-01-13T21:52:22.207353" level="INFO">Slept 1 second.</msg>
<arg>1s</arg>
<doc>Pauses the test executed for the given time.</doc>
<status status="PASS" start="2026-01-13T21:52:21.206241" elapsed="1.001271"/>
</kw>
<kw name="Sleep" owner="BuiltIn">
<msg time="2026-01-13T21:52:23.208353" level="INFO">Slept 1 second.</msg>
<arg>1s</arg>
<doc>Pauses the test executed for the given time.</doc>
<status status="PASS" start="2026-01-13T21:52:22.207687" elapsed="1.000910"/>
</kw>
<kw name="Close Browser" owner="SeleniumLibrary">
<doc>Closes the current browser.</doc>
<status status="PASS" start="2026-01-13T21:52:23.209116" elapsed="2.177335"/>
</kw>
<status status="PASS" start="2026-01-13T21:52:11.138326" elapsed="14.248348"/>
</test>
<status status="PASS" start="2026-01-13T21:52:10.886000" elapsed="14.249000"/>
</suite>
<suite id="s1-s2" name="Capture" source="E:\Bajajlife\pycharmProjectsAutomation\PycharmProjectsAutomation\TestCases\capture.robot">
<test id="s1-s2-t1" name="Screenshot" line="5">
<kw name="Open Browser" owner="SeleniumLibrary">
<msg time="2026-01-13T21:52:11.140029" level="INFO">Opening browser 'chrome' to base url 'https://support.orangehrm.com/portal/en/signin'.</msg>
<arg>https://support.orangehrm.com/portal/en/signin</arg>
<arg>chrome</arg>
<doc>Opens a new browser instance to the optional ``url``.</doc>
<status status="PASS" start="2026-01-13T21:52:11.139646" elapsed="9.957343"/>
</kw>
<kw name="Maximize Browser Window" owner="SeleniumLibrary">
<doc>Maximizes current browser window.</doc>
<status status="PASS" start="2026-01-13T21:52:21.097600" elapsed="0.037469"/>
</kw>
<kw name="Set Selenium Implicit Wait" owner="SeleniumLibrary">
<arg>2</arg>
<doc>Sets the implicit wait value used by Selenium.</doc>
<status status="PASS" start="2026-01-13T21:52:21.135385" elapsed="0.001505"/>
</kw>
<kw name="Sleep" owner="BuiltIn">
<msg time="2026-01-13T21:52:23.137773" level="INFO">Slept 2 seconds.</msg>
<arg>2</arg>
<doc>Pauses the test executed for the given time.</doc>
<status status="PASS" start="2026-01-13T21:52:21.137127" elapsed="2.000904"/>
</kw>
<kw name="Capture Element Screenshot" owner="SeleniumLibrary">
<msg time="2026-01-13T21:52:25.316906" level="INFO" html="true">&lt;/td&gt;&lt;/tr&gt;&lt;tr&gt;&lt;td colspan="3"&gt;&lt;a href="20260113_215209-1-selenium-screenshot-1.png"&gt;&lt;img src="20260113_215209-1-selenium-screenshot-1.png" width="800px"&gt;&lt;/a&gt;</msg>
<msg time="2026-01-13T21:52:25.317186" level="FAIL">Element with locator 'img alt//[@aria-label="OrangeHRM home"]' not found.</msg>
<arg>img alt//[@aria-label="OrangeHRM home"]</arg>
<arg>imagei.pmg</arg>
<doc>Captures a screenshot from the element identified by ``locator`` and embeds it into log file.</doc>
<status status="FAIL" start="2026-01-13T21:52:23.138403" elapsed="2.190158">Element with locator 'img alt//[@aria-label="OrangeHRM home"]' not found.</status>
</kw>
<kw name="Capture Page Screenshot" owner="SeleniumLibrary">
<arg>Rahul.png</arg>
<doc>Takes a screenshot of the current page and embeds it into a log file.</doc>
<status status="NOT RUN" start="2026-01-13T21:52:25.328791" elapsed="0.000066"/>
</kw>
<status status="FAIL" start="2026-01-13T21:52:11.138858" elapsed="14.190172">Element with locator 'img alt//[@aria-label="OrangeHRM home"]' not found.</status>
</test>
<status status="FAIL" start="2026-01-13T21:52:10.882078" elapsed="14.448530"/>
</suite>
<suite id="s1-s3" name="Capturescreen" source="E:\Bajajlife\pycharmProjectsAutomation\PycharmProjectsAutomation\TestCases\capturescreen.robot">
<test id="s1-s3-t1" name="Screenshot" line="5">
<kw name="Open Browser" owner="SeleniumLibrary">
<msg time="2026-01-13T21:52:28.011123" level="INFO">Opening browser 'chrome' to base url 'https://support.orangehrm.com/portal/en/signin'.</msg>
<arg>https://support.orangehrm.com/portal/en/signin</arg>
<arg>chrome</arg>
<doc>Opens a new browser instance to the optional ``url``.</doc>
<status status="PASS" start="2026-01-13T21:52:28.010891" elapsed="7.770205"/>
</kw>
<kw name="Maximize Browser Window" owner="SeleniumLibrary">
<doc>Maximizes current browser window.</doc>
<status status="PASS" start="2026-01-13T21:52:35.781492" elapsed="0.042713"/>
</kw>
<kw name="Set Selenium Implicit Wait" owner="SeleniumLibrary">
<arg>2</arg>
<doc>Sets the implicit wait value used by Selenium.</doc>
<status status="PASS" start="2026-01-13T21:52:35.824717" elapsed="0.001937"/>
</kw>
<kw name="Sleep" owner="BuiltIn">
<msg time="2026-01-13T21:52:37.827614" level="INFO">Slept 2 seconds.</msg>
<arg>2</arg>
<doc>Pauses the test executed for the given time.</doc>
<status status="PASS" start="2026-01-13T21:52:35.826922" elapsed="2.001230"/>
</kw>
<kw name="Capture Element Screenshot" owner="SeleniumLibrary">
<msg time="2026-01-13T21:52:37.968107" level="INFO" html="true">&lt;/td&gt;&lt;/tr&gt;&lt;tr&gt;&lt;td colspan="3"&gt;&lt;a href="20260113_215209-2-selenium-element-screenshot-1.png"&gt;&lt;img src="20260113_215209-2-selenium-element-screenshot-1.png" width="400px"&gt;&lt;/a&gt;</msg>
<arg>//img[@data-id="portal_logo"]</arg>
<doc>Captures a screenshot from the element identified by ``locator`` and embeds it into log file.</doc>
<status status="PASS" start="2026-01-13T21:52:37.828946" elapsed="0.139443"/>
</kw>
<kw name="Click Element" owner="SeleniumLibrary">
<msg time="2026-01-13T21:52:37.969237" level="INFO">Clicking element '//label[contains(@class,"option option-1")][1]'.</msg>
<msg time="2026-01-13T21:52:40.189988" level="INFO" html="true">&lt;/td&gt;&lt;/tr&gt;&lt;tr&gt;&lt;td colspan="3"&gt;&lt;a href="20260113_215209-2-selenium-screenshot-1.png"&gt;&lt;img src="20260113_215209-2-selenium-screenshot-1.png" width="800px"&gt;&lt;/a&gt;</msg>
<msg time="2026-01-13T21:52:40.190226" level="FAIL">Element with locator '//label[contains(@class,"option option-1")][1]' not found.</msg>
<arg>//label[contains(@class,"option option-1")][1]</arg>
<doc>Click the element identified by ``locator``.</doc>
<status status="FAIL" start="2026-01-13T21:52:37.968787" elapsed="2.234647">Element with locator '//label[contains(@class,"option option-1")][1]' not found.</status>
</kw>
<kw name="Click Element" owner="SeleniumLibrary">
<arg>//label[contains(@class,'option option-2 w-100')]</arg>
<doc>Click the element identified by ``locator``.</doc>
<status status="NOT RUN" start="2026-01-13T21:52:40.204197" elapsed="0.000267"/>
</kw>
<kw name="Click Element" owner="SeleniumLibrary">
<arg>//label[contains(@class,"option option-3 w-100")]</arg>
<doc>Click the element identified by ``locator``.</doc>
<status status="NOT RUN" start="2026-01-13T21:52:40.204839" elapsed="0.000155"/>
</kw>
<kw name="Click Button" owner="SeleniumLibrary">
<arg>//button[contains(text(), ' NEXT ')]</arg>
<doc>Clicks the button identified by ``locator``.</doc>
<status status="NOT RUN" start="2026-01-13T21:52:40.205344" elapsed="0.000143"/>
</kw>
<status status="FAIL" start="2026-01-13T21:52:28.010170" elapsed="12.195895">Element with locator '//label[contains(@class,"option option-1")][1]' not found.</status>
</test>
<status status="FAIL" start="2026-01-13T21:52:27.868360" elapsed="12.339664"/>
</suite>
<suite id="s1-s4" name="CloseallBrowser" source="E:\Bajajlife\pycharmProjectsAutomation\PycharmProjectsAutomation\TestCases\CloseallBrowser.robot">
<test id="s1-s4-t1" name="Closeall" line="10">
<kw name="Open Browser" owner="SeleniumLibrary">
<msg time="2026-01-13T21:52:30.174670" level="INFO">Opening browser 'chrome' to base url 'https://demo.nopcommerce.com/'.</msg>
<arg>https://demo.nopcommerce.com/</arg>
<arg>chrome</arg>
<doc>Opens a new browser instance to the optional ``url``.</doc>
<status status="PASS" start="2026-01-13T21:52:30.174439" elapsed="2.743135"/>
</kw>
<kw name="Open Browser" owner="SeleniumLibrary">
<msg time="2026-01-13T21:52:32.918477" level="INFO">Opening browser 'chrome' to base url 'https://demowebshop.tricentis.com/'.</msg>
<arg>https://demowebshop.tricentis.com/</arg>
<arg>chrome</arg>
<doc>Opens a new browser instance to the optional ``url``.</doc>
<status status="PASS" start="2026-01-13T21:52:32.918052" elapsed="6.758608"/>
</kw>
<kw name="Close All Browsers" owner="SeleniumLibrary">
<doc>Closes all open browsers and resets the browser cache.</doc>
<status status="PASS" start="2026-01-13T21:52:39.677709" elapsed="4.272159"/>
</kw>
<status status="PASS" start="2026-01-13T21:52:30.173718" elapsed="13.776522"/>
</test>
<status status="PASS" start="2026-01-13T21:52:30.001477" elapsed="13.949586"/>
</suite>
<suite id="s1-s5" name="DDT1" source="E:\Bajajlife\pycharmProjectsAutomation\PycharmProjectsAutomation\TestCases\DDT1.Robot">
<kw name="open my browser" owner="login_resources" type="SETUP">
<kw name="Open Browser" owner="SeleniumLibrary">
<msg time="2026-01-13T21:52:43.012344" level="INFO">Opening browser 'chrome' to base url 'https://admin-demo.nopcommerce.com/login?ReturnUrl=%2Fadmin%2F'.</msg>
<arg>${LOGIN URL}</arg>
<arg>${BROWSER}</arg>
<doc>Opens a new browser instance to the optional ``url``.</doc>
<status status="PASS" start="2026-01-13T21:52:43.012130" elapsed="2.559851"/>
</kw>
<kw name="Maximize Browser Window" owner="SeleniumLibrary">
<doc>Maximizes current browser window.</doc>
<status status="PASS" start="2026-01-13T21:52:45.572262" elapsed="0.029599"/>
</kw>
<status status="PASS" start="2026-01-13T21:52:43.011629" elapsed="2.590383"/>
</kw>
<test id="s1-s5-t1" name="Right user empty pass" line="12">
<kw name="Invalid Login">
<kw name="Input Username" owner="login_resources">
<kw name="Input Text" owner="SeleniumLibrary">
<msg time="2026-01-13T21:52:45.603868" level="INFO">Typing text 'admin@yourstore.com' into text field 'id=Email'.</msg>
<arg>id=Email</arg>
<arg>${username}</arg>
<doc>Types the given ``text`` into the text field identified by ``locator``.</doc>
<status status="PASS" start="2026-01-13T21:52:45.603547" elapsed="0.093184"/>
</kw>
<arg>${username}</arg>
<status status="PASS" start="2026-01-13T21:52:45.603289" elapsed="0.093978"/>
</kw>
<kw name="Input Password" owner="login_resources">
<kw name="Input Text" owner="SeleniumLibrary">
<msg time="2026-01-13T21:52:45.699231" level="INFO">Typing text 'xyx' into text field 'id=Password'.</msg>
<arg>id=Password</arg>
<arg>${password}</arg>
<doc>Types the given ``text`` into the text field identified by ``locator``.</doc>
<status status="PASS" start="2026-01-13T21:52:45.698890" elapsed="0.057593"/>
</kw>
<arg>${password}</arg>
<status status="PASS" start="2026-01-13T21:52:45.698248" elapsed="0.058345"/>
</kw>
<kw name="Click Login Button" owner="login_resources">
<kw name="Click Element" owner="SeleniumLibrary">
<msg time="2026-01-13T21:52:45.757206" level="INFO">Clicking element 'xpath=//button[@type='submit']'.</msg>
<arg>xpath=//button[@type='submit']</arg>
<doc>Click the element identified by ``locator``.</doc>
<status status="PASS" start="2026-01-13T21:52:45.757035" elapsed="1.347507"/>
</kw>
<status status="PASS" start="2026-01-13T21:52:45.756740" elapsed="1.348006"/>
</kw>
<kw name="Error Message Should Be Visible" owner="login_resources">
<kw name="Page Should Contain" owner="SeleniumLibrary">
<msg time="2026-01-13T21:52:47.158047" level="INFO">Current page contains text 'Login was unsuccessful'.</msg>
<arg>Login was unsuccessful</arg>
<doc>Verifies that current page contains ``text``.</doc>
<status status="PASS" start="2026-01-13T21:52:47.105455" elapsed="0.052873"/>
</kw>
<status status="PASS" start="2026-01-13T21:52:47.105022" elapsed="0.053508"/>
</kw>
<arg>admin@yourstore.com</arg>
<arg>xyx</arg>
<status status="PASS" start="2026-01-13T21:52:45.602862" elapsed="1.555820"/>
</kw>
<status status="PASS" start="2026-01-13T21:52:45.602172" elapsed="1.556750"/>
</test>
<test id="s1-s5-t2" name="Right user wrong password" line="13">
<kw name="Invalid Login">
<kw name="Input Username" owner="login_resources">
<kw name="Input Text" owner="SeleniumLibrary">
<msg time="2026-01-13T21:52:47.162309" level="INFO">Typing text 'admin@yourstore.com' into text field 'id=Email'.</msg>
<arg>id=Email</arg>
<arg>${username}</arg>
<doc>Types the given ``text`` into the text field identified by ``locator``.</doc>
<status status="PASS" start="2026-01-13T21:52:47.161839" elapsed="0.080491"/>
</kw>
<arg>${username}</arg>
<status status="PASS" start="2026-01-13T21:52:47.161225" elapsed="0.081307"/>
</kw>
<kw name="Input Password" owner="login_resources">
<kw name="Input Text" owner="SeleniumLibrary">
<msg time="2026-01-13T21:52:47.244260" level="INFO">Typing text 'xyz' into text field 'id=Password'.</msg>
<arg>id=Password</arg>
<arg>${password}</arg>
<doc>Types the given ``text`` into the text field identified by ``locator``.</doc>
<status status="PASS" start="2026-01-13T21:52:47.243560" elapsed="0.047777"/>
</kw>
<arg>${password}</arg>
<status status="PASS" start="2026-01-13T21:52:47.242870" elapsed="0.048582"/>
</kw>
<kw name="Click Login Button" owner="login_resources">
<kw name="Click Element" owner="SeleniumLibrary">
<msg time="2026-01-13T21:52:47.292578" level="INFO">Clicking element 'xpath=//button[@type='submit']'.</msg>
<arg>xpath=//button[@type='submit']</arg>
<doc>Click the element identified by ``locator``.</doc>
<status status="PASS" start="2026-01-13T21:52:47.292289" elapsed="0.038128"/>
</kw>
<status status="PASS" start="2026-01-13T21:52:47.291653" elapsed="0.038868"/>
</kw>
<kw name="Error Message Should Be Visible" owner="login_resources">
<kw name="Page Should Contain" owner="SeleniumLibrary">
<msg time="2026-01-13T21:52:47.337096" level="INFO">Current page contains text 'Login was unsuccessful'.</msg>
<arg>Login was unsuccessful</arg>
<doc>Verifies that current page contains ``text``.</doc>
<status status="PASS" start="2026-01-13T21:52:47.330943" elapsed="0.006244"/>
</kw>
<status status="PASS" start="2026-01-13T21:52:47.330668" elapsed="0.006609"/>
</kw>
<arg>admin@yourstore.com</arg>
<arg>xyz</arg>
<status status="PASS" start="2026-01-13T21:52:47.160571" elapsed="0.176763"/>
</kw>
<status status="PASS" start="2026-01-13T21:52:47.159635" elapsed="0.177820"/>
</test>
<test id="s1-s5-t3" name="wrong userv right password" line="14">
<kw name="Invalid Login">
<kw name="Input Username" owner="login_resources">
<kw name="Input Text" owner="SeleniumLibrary">
<msg time="2026-01-13T21:52:47.339892" level="INFO">Typing text 'admin1@yourstore.com' into text field 'id=Email'.</msg>
<msg time="2026-01-13T21:52:49.145055" level="INFO" html="true">&lt;/td&gt;&lt;/tr&gt;&lt;tr&gt;&lt;td colspan="3"&gt;&lt;a href="20260113_215209-4-selenium-screenshot-1.png"&gt;&lt;img src="20260113_215209-4-selenium-screenshot-1.png" width="800px"&gt;&lt;/a&gt;</msg>
<msg time="2026-01-13T21:52:49.145258" level="FAIL">Element with locator 'id=Email' not found.</msg>
<arg>id=Email</arg>
<arg>${username}</arg>
<doc>Types the given ``text`` into the text field identified by ``locator``.</doc>
<status status="FAIL" start="2026-01-13T21:52:47.339693" elapsed="1.810753">Element with locator 'id=Email' not found.</status>
</kw>
<arg>${username}</arg>
<status status="FAIL" start="2026-01-13T21:52:47.339437" elapsed="1.811318">Element with locator 'id=Email' not found.</status>
</kw>
<kw name="Input Password" owner="login_resources">
<arg>${password}</arg>
<status status="NOT RUN" start="2026-01-13T21:52:49.150920" elapsed="0.000065"/>
</kw>
<kw name="Click Login Button" owner="login_resources">
<status status="NOT RUN" start="2026-01-13T21:52:49.151092" elapsed="0.000042"/>
</kw>
<kw name="Error Message Should Be Visible" owner="login_resources">
<status status="NOT RUN" start="2026-01-13T21:52:49.151226" elapsed="0.000039"/>
</kw>
<arg>admin1@yourstore.com</arg>
<arg>admin</arg>
<status status="FAIL" start="2026-01-13T21:52:47.339134" elapsed="1.812217">Element with locator 'id=Email' not found.</status>
</kw>
<status status="FAIL" start="2026-01-13T21:52:47.338783" elapsed="1.812718">Element with locator 'id=Email' not found.</status>
</test>
<test id="s1-s5-t4" name="wrong user empty password" line="15">
<kw name="Invalid Login">
<kw name="Input Username" owner="login_resources">
<kw name="Input Text" owner="SeleniumLibrary">
<msg time="2026-01-13T21:52:49.152663" level="INFO">Typing text 'admi4n@yourstore.com' into text field 'id=Email'.</msg>
<msg time="2026-01-13T21:52:49.310213" level="INFO" html="true">&lt;/td&gt;&lt;/tr&gt;&lt;tr&gt;&lt;td colspan="3"&gt;&lt;a href="20260113_215209-4-selenium-screenshot-2.png"&gt;&lt;img src="20260113_215209-4-selenium-screenshot-2.png" width="800px"&gt;&lt;/a&gt;</msg>
<msg time="2026-01-13T21:52:49.310564" level="FAIL">Element with locator 'id=Email' not found.</msg>
<arg>id=Email</arg>
<arg>${username}</arg>
<doc>Types the given ``text`` into the text field identified by ``locator``.</doc>
<status status="FAIL" start="2026-01-13T21:52:49.152475" elapsed="0.159702">Element with locator 'id=Email' not found.</status>
</kw>
<arg>${username}</arg>
<status status="FAIL" start="2026-01-13T21:52:49.152238" elapsed="0.160344">Element with locator 'id=Email' not found.</status>
</kw>
<kw name="Input Password" owner="login_resources">
<arg>${password}</arg>
<status status="NOT RUN" start="2026-01-13T21:52:49.312812" elapsed="0.000078"/>
</kw>
<kw name="Click Login Button" owner="login_resources">
<status status="NOT RUN" start="2026-01-13T21:52:49.313053" elapsed="0.000062"/>
</kw>
<kw name="Error Message Should Be Visible" owner="login_resources">
<status status="NOT RUN" start="2026-01-13T21:52:49.313260" elapsed="0.000059"/>
</kw>
<arg>admi4n@yourstore.com</arg>
<arg>6474</arg>
<status status="FAIL" start="2026-01-13T21:52:49.151984" elapsed="0.161457">Element with locator 'id=Email' not found.</status>
</kw>
<status status="FAIL" start="2026-01-13T21:52:49.151714" elapsed="0.161943">Element with locator 'id=Email' not found.</status>
</test>
<kw name="Close Browser" owner="SeleniumLibrary" type="TEARDOWN">
<doc>Closes the current browser.</doc>
<status status="PASS" start="2026-01-13T21:52:49.314324" elapsed="2.144816"/>
</kw>
<status status="FAIL" start="2026-01-13T21:52:42.837373" elapsed="8.621983"/>
</suite>
<suite id="s1-s6" name="Dd2Excel" source="E:\Bajajlife\pycharmProjectsAutomation\PycharmProjectsAutomation\TestCases\dd2excel.robot">
<kw name="open my browser" owner="login_resources" type="SETUP">
<kw name="Open Browser" owner="SeleniumLibrary">
<msg time="2026-01-13T21:52:52.684057" level="INFO">Opening browser 'chrome' to base url 'https://admin-demo.nopcommerce.com/login?ReturnUrl=%2Fadmin%2F'.</msg>
<arg>${LOGIN URL}</arg>
<arg>${BROWSER}</arg>
<doc>Opens a new browser instance to the optional ``url``.</doc>
<status status="PASS" start="2026-01-13T21:52:52.683811" elapsed="2.496496"/>
</kw>
<kw name="Maximize Browser Window" owner="SeleniumLibrary">
<doc>Maximizes current browser window.</doc>
<status status="PASS" start="2026-01-13T21:52:55.180536" elapsed="0.032493"/>
</kw>
<status status="PASS" start="2026-01-13T21:52:52.683240" elapsed="2.529954"/>
</kw>
<test id="s1-s6-t1" name="Login Test With Excel" line="11">
<kw name="Invalid Login">
<msg time="2026-01-13T21:52:55.214509" level="FAIL">Variable '${username}' not found.</msg>
<arg>${username}</arg>
<arg>${password}</arg>
<status status="FAIL" start="2026-01-13T21:52:55.213828" elapsed="0.000732">Variable '${username}' not found.</status>
</kw>
<status status="FAIL" start="2026-01-13T21:52:55.213304" elapsed="0.002175">Variable '${username}' not found.</status>
</test>
<kw name="Close Browser" owner="SeleniumLibrary" type="TEARDOWN">
<doc>Closes the current browser.</doc>
<status status="PASS" start="2026-01-13T21:52:55.218187" elapsed="2.135405"/>
</kw>
<status status="FAIL" start="2026-01-13T21:52:52.533417" elapsed="4.820398"/>
</suite>
<suite id="s1-s7" name="Dropdown" source="E:\Bajajlife\pycharmProjectsAutomation\PycharmProjectsAutomation\TestCases\dropdown.robot">
<test id="s1-s7-t1" name="Handling Dropdown and List" line="9">
<kw name="Open Browser" owner="SeleniumLibrary">
<msg time="2026-01-13T21:52:56.118025" level="INFO">Opening browser 'Chrome' to base url 'https://rahulshettyacademy.com/AutomationPractice/'.</msg>
<arg>${url}</arg>
<arg>${browser}</arg>
<doc>Opens a new browser instance to the optional ``url``.</doc>
<status status="PASS" start="2026-01-13T21:52:56.117733" elapsed="1.965578"/>
</kw>
<kw name="Maximize Browser Window" owner="SeleniumLibrary">
<doc>Maximizes current browser window.</doc>
<status status="PASS" start="2026-01-13T21:52:58.083741" elapsed="4.893012"/>
</kw>
<kw name="Wait Until Page Contains Element" owner="SeleniumLibrary">
<arg>//select[@id='dropdown-class-example']</arg>
<doc>Waits until the element ``locator`` appears on the current page.</doc>
<status status="PASS" start="2026-01-13T21:53:02.977176" elapsed="0.152770"/>
</kw>
<kw name="Select From List By Label" owner="SeleniumLibrary">
<msg time="2026-01-13T21:53:03.130390" level="INFO">Selecting options from selection list '//select[@id='dropdown-class-example']' by label Option2.</msg>
<arg>//select[@id='dropdown-class-example']</arg>
<arg>Option2</arg>
<doc>Selects options from selection list ``locator`` by ``labels``.</doc>
<status status="PASS" start="2026-01-13T21:53:03.130122" elapsed="0.086735"/>
</kw>
<kw name="Sleep" owner="BuiltIn">
<msg time="2026-01-13T21:53:04.218148" level="INFO">Slept 1 second.</msg>
<arg>1s</arg>
<doc>Pauses the test executed for the given time.</doc>
<status status="PASS" start="2026-01-13T21:53:03.217188" elapsed="1.001232"/>
</kw>
<kw name="Select From List By Index" owner="SeleniumLibrary">
<msg time="2026-01-13T21:53:04.219353" level="INFO">Selecting options from selection list '//select[@id='dropdown-class-example']' by index 3.</msg>
<arg>//select[@id='dropdown-class-example']</arg>
<arg>3</arg>
<doc>Selects options from selection list ``locator`` by ``indexes``.</doc>
<status status="PASS" start="2026-01-13T21:53:04.218836" elapsed="0.104855"/>
</kw>
<kw name="Sleep" owner="BuiltIn">
<msg time="2026-01-13T21:53:05.326910" level="INFO">Slept 1 second.</msg>
<arg>1s</arg>
<doc>Pauses the test executed for the given time.</doc>
<status status="PASS" start="2026-01-13T21:53:04.324221" elapsed="1.002930"/>
</kw>
<kw name="Close Browser" owner="SeleniumLibrary">
<doc>Closes the current browser.</doc>
<status status="PASS" start="2026-01-13T21:53:05.327532" elapsed="2.181523"/>
</kw>
<status status="PASS" start="2026-01-13T21:52:56.116978" elapsed="11.392481"/>
</test>
<status status="PASS" start="2026-01-13T21:52:55.963403" elapsed="11.547335"/>
</suite>
<suite id="s1-s8" name="Forloop" source="E:\Bajajlife\pycharmProjectsAutomation\PycharmProjectsAutomation\TestCases\Forloop.robot">
<test id="s1-s8-t1" name="Forloop5" line="46">
<kw name="Create List" owner="BuiltIn">
<msg time="2026-01-13T21:53:01.935805" level="INFO">@{items} = [ 1 | 2 | 3 | 4 | 5 | 6 | 7 ]</msg>
<var>@{items}</var>
<arg>1</arg>
<arg>2</arg>
<arg>3</arg>
<arg>4</arg>
<arg>5</arg>
<arg>6</arg>
<arg>7</arg>
<doc>Returns a list containing given items.</doc>
<status status="PASS" start="2026-01-13T21:53:01.935614" elapsed="0.000220"/>
</kw>
<for flavor="IN">
<iter>
<kw name="Log To Console" owner="BuiltIn">
<arg>${i}</arg>
<doc>Logs the given message to the console.</doc>
<status status="PASS" start="2026-01-13T21:53:01.936182" elapsed="0.000162"/>
</kw>
<kw name="Exit For Loop If" owner="BuiltIn">
<arg>${i}==4</arg>
<doc>Stops executing the enclosing FOR loop if the ``condition`` is true.</doc>
<status status="PASS" start="2026-01-13T21:53:01.936431" elapsed="0.000177"/>
</kw>
<var name="${i}">1</var>
<status status="PASS" start="2026-01-13T21:53:01.936090" elapsed="0.000555"/>
</iter>
<iter>
<kw name="Log To Console" owner="BuiltIn">
<arg>${i}</arg>
<doc>Logs the given message to the console.</doc>
<status status="PASS" start="2026-01-13T21:53:01.936795" elapsed="0.000145"/>
</kw>
<kw name="Exit For Loop If" owner="BuiltIn">
<arg>${i}==4</arg>
<doc>Stops executing the enclosing FOR loop if the ``condition`` is true.</doc>
<status status="PASS" start="2026-01-13T21:53:01.937030" elapsed="0.000158"/>
</kw>
<var name="${i}">2</var>
<status status="PASS" start="2026-01-13T21:53:01.936727" elapsed="0.000498"/>
</iter>
<iter>
<kw name="Log To Console" owner="BuiltIn">
<arg>${i}</arg>
<doc>Logs the given message to the console.</doc>
<status status="PASS" start="2026-01-13T21:53:01.937417" elapsed="0.000132"/>
</kw>
<kw name="Exit For Loop If" owner="BuiltIn">
<arg>${i}==4</arg>
<doc>Stops executing the enclosing FOR loop if the ``condition`` is true.</doc>
<status status="PASS" start="2026-01-13T21:53:01.937616" elapsed="0.000158"/>
</kw>
<var name="${i}">3</var>
<status status="PASS" start="2026-01-13T21:53:01.937323" elapsed="0.000483"/>
</iter>
<iter>
<kw name="Log To Console" owner="BuiltIn">
<arg>${i}</arg>
<doc>Logs the given message to the console.</doc>
<status status="PASS" start="2026-01-13T21:53:01.937939" elapsed="0.000121"/>
</kw>
<kw name="Exit For Loop If" owner="BuiltIn">
<msg time="2026-01-13T21:53:01.938275" level="INFO">Exiting for loop altogether.</msg>
<arg>${i}==4</arg>
<doc>Stops executing the enclosing FOR loop if the ``condition`` is true.</doc>
<status status="PASS" start="2026-01-13T21:53:01.938131" elapsed="0.000199"/>
</kw>
<var name="${i}">4</var>
<status status="PASS" start="2026-01-13T21:53:01.937874" elapsed="0.000491"/>
</iter>
<var>${i}</var>
<value>@{items}</value>
<status status="PASS" start="2026-01-13T21:53:01.935932" elapsed="0.002464"/>
</for>
<status status="PASS" start="2026-01-13T21:53:01.935129" elapsed="0.003355"/>
</test>
<status status="PASS" start="2026-01-13T21:53:01.934224" elapsed="0.004532"/>
</suite>
<suite id="s1-s9" name="Frames" source="E:\Bajajlife\pycharmProjectsAutomation\PycharmProjectsAutomation\TestCases\frames.robot">
<test id="s1-s9-t1" name="Handle Frames In JavaDocs" line="9">
<kw name="Open Browser" owner="SeleniumLibrary">
<msg time="2026-01-13T21:53:02.579545" level="INFO">Opening browser 'chrome' to base url 'https://the-internet.herokuapp.com/nested_frames'.</msg>
<arg>${URL}</arg>
<arg>${BROWSER}</arg>
<doc>Opens a new browser instance to the optional ``url``.</doc>
<status status="PASS" start="2026-01-13T21:53:02.579280" elapsed="3.640308"/>
</kw>
<kw name="Maximize Browser Window" owner="SeleniumLibrary">
<doc>Maximizes current browser window.</doc>
<status status="PASS" start="2026-01-13T21:53:06.219843" elapsed="0.021480"/>
</kw>
<kw name="Set Selenium Implicit Wait" owner="SeleniumLibrary">
<arg>5</arg>
<doc>Sets the implicit wait value used by Selenium.</doc>
<status status="PASS" start="2026-01-13T21:53:06.241504" elapsed="0.001694"/>
</kw>
<kw name="Select Frame" owner="SeleniumLibrary">
<msg time="2026-01-13T21:53:06.243997" level="INFO">Selecting frame '//frame[@name="frame-top"]'.</msg>
<arg>//frame[@name="frame-top"]</arg>
<doc>Sets frame identified by ``locator`` as the current frame.</doc>
<status status="PASS" start="2026-01-13T21:53:06.243434" elapsed="0.040653"/>
</kw>
<kw name="Unselect Frame" owner="SeleniumLibrary">
<doc>Sets the main frame as the current frame.</doc>
<status status="PASS" start="2026-01-13T21:53:06.284247" elapsed="0.001771"/>
</kw>
<kw name="Sleep" owner="BuiltIn">
<msg time="2026-01-13T21:53:08.287233" level="INFO">Slept 2 seconds.</msg>
<arg>2s</arg>
<doc>Pauses the test executed for the given time.</doc>
<status status="PASS" start="2026-01-13T21:53:06.286163" elapsed="2.001320"/>
</kw>
<kw name="Select Frame" owner="SeleniumLibrary">
<msg time="2026-01-13T21:53:08.288516" level="INFO">Selecting frame '//frame[@name="frame-bottom"]'.</msg>
<arg>//frame[@name="frame-bottom"]</arg>
<doc>Sets frame identified by ``locator`` as the current frame.</doc>
<status status="PASS" start="2026-01-13T21:53:08.287937" elapsed="0.048360"/>
</kw>
<kw name="Unselect Frame" owner="SeleniumLibrary">
<doc>Sets the main frame as the current frame.</doc>
<status status="PASS" start="2026-01-13T21:53:08.336650" elapsed="0.003280"/>
</kw>
<status status="PASS" start="2026-01-13T21:53:02.578540" elapsed="5.761736"/>
</test>
<status status="PASS" start="2026-01-13T21:53:02.418654" elapsed="5.922584"/>
</suite>
<suite id="s1-s10" name="Getalllinks" source="E:\Bajajlife\pycharmProjectsAutomation\PycharmProjectsAutomation\TestCases\Getalllinks.robot">
<test id="s1-s10-t1" name="Getlinktest" line="9">
<kw name="Set Selenium Implicit Wait" owner="SeleniumLibrary">
<arg>4</arg>
<doc>Sets the implicit wait value used by Selenium.</doc>
<status status="PASS" start="2026-01-13T21:53:11.092943" elapsed="0.000233"/>
</kw>
<kw name="Open Browser" owner="SeleniumLibrary">
<msg time="2026-01-13T21:53:11.093509" level="INFO">Opening browser 'Chrome' to base url 'https://demo.nopcommerce.com/'.</msg>
<arg>${url}</arg>
<arg>${browser}</arg>
<doc>Opens a new browser instance to the optional ``url``.</doc>
<status status="PASS" start="2026-01-13T21:53:11.093321" elapsed="2.937231"/>
</kw>
<kw name="Maximize Browser Window" owner="SeleniumLibrary">
<doc>Maximizes current browser window.</doc>
<status status="PASS" start="2026-01-13T21:53:14.030770" elapsed="0.040180"/>
</kw>
<kw name="Get WebElements" owner="SeleniumLibrary">
<msg time="2026-01-13T21:53:14.090307" level="INFO">${alllinks} = [&lt;selenium.webdriver.remote.webelement.WebElement (session="22fd84fa5295095e17bcb0bf2e48e7d7", element="f.8BCFDA6F805922520039F391E965F5DB.d.0BB6D9D310491215C897060FDA4761C8.e.15")&gt;, &lt;selenium.webdriv...</msg>
<var>${alllinks}</var>
<arg>xpath=//a</arg>
<doc>Returns a list of WebElement objects matching the ``locator``.</doc>
<status status="PASS" start="2026-01-13T21:53:14.071216" elapsed="0.019192"/>
</kw>
<kw name="Get Length" owner="BuiltIn">
<msg time="2026-01-13T21:53:14.091482" level="INFO">Length is 72.</msg>
<msg time="2026-01-13T21:53:14.091631" level="INFO">${alllinkscount} = 72</msg>
<var>${alllinkscount}</var>
<arg>${alllinks}</arg>
<doc>Returns and logs the length of the given item as an integer.</doc>
<status status="PASS" start="2026-01-13T21:53:14.091005" elapsed="0.000672"/>
</kw>
<kw name="Log To Console" owner="BuiltIn">
<arg>Total links found: ${alllinkscount}</arg>
<doc>Logs the given message to the console.</doc>
<status status="PASS" start="2026-01-13T21:53:14.091920" elapsed="0.000870"/>
</kw>
<kw name="Go To" owner="SeleniumLibrary">
<msg time="2026-01-13T21:53:14.093298" level="INFO">Opening url 'https://demo.nopcommerce.com/'</msg>
<arg>https://demo.nopcommerce.com/</arg>
<doc>Navigates the current browser window to the provided ``url``.</doc>
<status status="PASS" start="2026-01-13T21:53:14.093002" elapsed="0.516261"/>
</kw>
<for flavor="IN RANGE">
<iter>
<kw name="Get Text" owner="SeleniumLibrary">
<msg time="2026-01-13T21:53:14.642090" level="INFO">${linktext} = </msg>
<var>${linktext}</var>
<arg>xpath=(//a)[${i}]</arg>
<doc>Returns the text value of the element identified by ``locator``.</doc>
<status status="PASS" start="2026-01-13T21:53:14.611641" elapsed="0.030547"/>
</kw>
<kw name="Log To Console" owner="BuiltIn">
<arg>${linktext}</arg>
<doc>Logs the given message to the console.</doc>
<status status="PASS" start="2026-01-13T21:53:14.642509" elapsed="0.000578"/>
</kw>
<var name="${i}">1</var>
<status status="PASS" start="2026-01-13T21:53:14.610558" elapsed="0.032668"/>
</iter>
<iter>
<kw name="Get Text" owner="SeleniumLibrary">
<msg time="2026-01-13T21:53:14.672971" level="INFO">${linktext} = Register</msg>
<var>${linktext}</var>
<arg>xpath=(//a)[${i}]</arg>
<doc>Returns the text value of the element identified by ``locator``.</doc>
<status status="PASS" start="2026-01-13T21:53:14.643805" elapsed="0.029231"/>
</kw>
<kw name="Log To Console" owner="BuiltIn">
<arg>${linktext}</arg>
<doc>Logs the given message to the console.</doc>
<status status="PASS" start="2026-01-13T21:53:14.673239" elapsed="0.000298"/>
</kw>
<var name="${i}">2</var>
<status status="PASS" start="2026-01-13T21:53:14.643542" elapsed="0.030069"/>
</iter>
<iter>
<kw name="Get Text" owner="SeleniumLibrary">
<msg time="2026-01-13T21:53:14.700398" level="INFO">${linktext} = Log in</msg>
<var>${linktext}</var>
<arg>xpath=(//a)[${i}]</arg>
<doc>Returns the text value of the element identified by ``locator``.</doc>
<status status="PASS" start="2026-01-13T21:53:14.673858" elapsed="0.026636"/>
</kw>
<kw name="Log To Console" owner="BuiltIn">
<arg>${linktext}</arg>
<doc>Logs the given message to the console.</doc>
<status status="PASS" start="2026-01-13T21:53:14.700802" elapsed="0.000565"/>
</kw>
<var name="${i}">3</var>
<status status="PASS" start="2026-01-13T21:53:14.673738" elapsed="0.027785"/>
</iter>
<iter>
<kw name="Get Text" owner="SeleniumLibrary">
<msg time="2026-01-13T21:53:14.728529" level="INFO">${linktext} = Wishlist (0)</msg>
<var>${linktext}</var>
<arg>xpath=(//a)[${i}]</arg>
<doc>Returns the text value of the element identified by ``locator``.</doc>
<status status="PASS" start="2026-01-13T21:53:14.702073" elapsed="0.026513"/>
</kw>
<kw name="Log To Console" owner="BuiltIn">
<arg>${linktext}</arg>
<doc>Logs the given message to the console.</doc>
<status status="PASS" start="2026-01-13T21:53:14.728842" elapsed="0.000573"/>
</kw>
<var name="${i}">4</var>
<status status="PASS" start="2026-01-13T21:53:14.701806" elapsed="0.027754"/>
</iter>
<iter>
<kw name="Get Text" owner="SeleniumLibrary">
<msg time="2026-01-13T21:53:14.758389" level="INFO">${linktext} = Shopping cart (0)</msg>
<var>${linktext}</var>
<arg>xpath=(//a)[${i}]</arg>
<doc>Returns the text value of the element identified by ``locator``.</doc>
<status status="PASS" start="2026-01-13T21:53:14.730088" elapsed="0.028447"/>
</kw>
<kw name="Log To Console" owner="BuiltIn">
<arg>${linktext}</arg>
<doc>Logs the given message to the console.</doc>
<status status="PASS" start="2026-01-13T21:53:14.758910" elapsed="0.000555"/>
</kw>
<var name="${i}">5</var>
<status status="PASS" start="2026-01-13T21:53:14.729824" elapsed="0.029776"/>
</iter>
<iter>
<kw name="Get Text" owner="SeleniumLibrary">
<msg time="2026-01-13T21:53:14.788950" level="INFO">${linktext} = </msg>
<var>${linktext}</var>
<arg>xpath=(//a)[${i}]</arg>
<doc>Returns the text value of the element identified by ``locator``.</doc>
<status status="PASS" start="2026-01-13T21:53:14.760135" elapsed="0.028899"/>
</kw>
<kw name="Log To Console" owner="BuiltIn">
<arg>${linktext}</arg>
<doc>Logs the given message to the console.</doc>
<status status="PASS" start="2026-01-13T21:53:14.789338" elapsed="0.000633"/>
</kw>
<var name="${i}">6</var>
<status status="PASS" start="2026-01-13T21:53:14.759881" elapsed="0.030307"/>
</iter>
<iter>
<kw name="Get Text" owner="SeleniumLibrary">
<msg time="2026-01-13T21:53:14.814010" level="INFO">${linktext} = Computers</msg>
<var>${linktext}</var>
<arg>xpath=(//a)[${i}]</arg>
<doc>Returns the text value of the element identified by ``locator``.</doc>
<status status="PASS" start="2026-01-13T21:53:14.790716" elapsed="0.023340"/>
</kw>
<kw name="Log To Console" owner="BuiltIn">
<arg>${linktext}</arg>
<doc>Logs the given message to the console.</doc>
<status status="PASS" start="2026-01-13T21:53:14.814263" elapsed="0.000254"/>
</kw>
<var name="${i}">7</var>
<status status="PASS" start="2026-01-13T21:53:14.790479" elapsed="0.024092"/>
</iter>
<iter>
<kw name="Get Text" owner="SeleniumLibrary">
<msg time="2026-01-13T21:53:14.831839" level="INFO">${linktext} = </msg>
<var>${linktext}</var>
<arg>xpath=(//a)[${i}]</arg>
<doc>Returns the text value of the element identified by ``locator``.</doc>
<status status="PASS" start="2026-01-13T21:53:14.814783" elapsed="0.017102"/>
</kw>
<kw name="Log To Console" owner="BuiltIn">
<arg>${linktext}</arg>
<doc>Logs the given message to the console.</doc>
<status status="PASS" start="2026-01-13T21:53:14.832038" elapsed="0.000271"/>
</kw>
<var name="${i}">8</var>
<status status="PASS" start="2026-01-13T21:53:14.814681" elapsed="0.017686"/>
</iter>
<iter>
<kw name="Get Text" owner="SeleniumLibrary">
<msg time="2026-01-13T21:53:14.846587" level="INFO">${linktext} = </msg>
<var>${linktext}</var>
<arg>xpath=(//a)[${i}]</arg>
<doc>Returns the text value of the element identified by ``locator``.</doc>
<status status="PASS" start="2026-01-13T21:53:14.832600" elapsed="0.014164"/>
</kw>
<kw name="Log To Console" owner="BuiltIn">
<arg>${linktext}</arg>
<doc>Logs the given message to the console.</doc>
<status status="PASS" start="2026-01-13T21:53:14.846921" elapsed="0.000251"/>
</kw>
<var name="${i}">9</var>
<status status="PASS" start="2026-01-13T21:53:14.832485" elapsed="0.014740"/>
</iter>
<iter>
<kw name="Get Text" owner="SeleniumLibrary">
<msg time="2026-01-13T21:53:14.860795" level="INFO">${linktext} = </msg>
<var>${linktext}</var>
<arg>xpath=(//a)[${i}]</arg>
<doc>Returns the text value of the element identified by ``locator``.</doc>
<status status="PASS" start="2026-01-13T21:53:14.847456" elapsed="0.013384"/>
</kw>
<kw name="Log To Console" owner="BuiltIn">
<arg>${linktext}</arg>
<doc>Logs the given message to the console.</doc>
<status status="PASS" start="2026-01-13T21:53:14.860988" elapsed="0.000272"/>
</kw>
<var name="${i}">10</var>
<status status="PASS" start="2026-01-13T21:53:14.847345" elapsed="0.013966"/>
</iter>
<iter>
<kw name="Get Text" owner="SeleniumLibrary">
<msg time="2026-01-13T21:53:14.875011" level="INFO">${linktext} = Electronics</msg>
<var>${linktext}</var>
<arg>xpath=(//a)[${i}]</arg>
<doc>Returns the text value of the element identified by ``locator``.</doc>
<status status="PASS" start="2026-01-13T21:53:14.861530" elapsed="0.013525"/>
</kw>
<kw name="Log To Console" owner="BuiltIn">
<arg>${linktext}</arg>
<doc>Logs the given message to the console.</doc>
<status status="PASS" start="2026-01-13T21:53:14.875196" elapsed="0.000261"/>
</kw>
<var name="${i}">11</var>
<status status="PASS" start="2026-01-13T21:53:14.861424" elapsed="0.014088"/>
</iter>
<iter>
<kw name="Get Text" owner="SeleniumLibrary">
<msg time="2026-01-13T21:53:14.889961" level="INFO">${linktext} = </msg>
<var>${linktext}</var>
<arg>xpath=(//a)[${i}]</arg>
<doc>Returns the text value of the element identified by ``locator``.</doc>
<status status="PASS" start="2026-01-13T21:53:14.875732" elapsed="0.014276"/>
</kw>
<kw name="Log To Console" owner="BuiltIn">
<arg>${linktext}</arg>
<doc>Logs the given message to the console.</doc>
<status status="PASS" start="2026-01-13T21:53:14.890171" elapsed="0.000279"/>
</kw>
<var name="${i}">12</var>
<status status="PASS" start="2026-01-13T21:53:14.875626" elapsed="0.014879"/>
</iter>
<iter>
<kw name="Get Text" owner="SeleniumLibrary">
<msg time="2026-01-13T21:53:14.904931" level="INFO">${linktext} = </msg>
<var>${linktext}</var>
<arg>xpath=(//a)[${i}]</arg>
<doc>Returns the text value of the element identified by ``locator``.</doc>
<status status="PASS" start="2026-01-13T21:53:14.890748" elapsed="0.014232"/>
</kw>
<kw name="Log To Console" owner="BuiltIn">
<arg>${linktext}</arg>
<doc>Logs the given message to the console.</doc>
<status status="PASS" start="2026-01-13T21:53:14.905163" elapsed="0.000267"/>
</kw>
<var name="${i}">13</var>
<status status="PASS" start="2026-01-13T21:53:14.890632" elapsed="0.014865"/>
</iter>
<iter>
<kw name="Get Text" owner="SeleniumLibrary">
<msg time="2026-01-13T21:53:14.952689" level="INFO">${linktext} = </msg>
<var>${linktext}</var>
<arg>xpath=(//a)[${i}]</arg>
<doc>Returns the text value of the element identified by ``locator``.</doc>
<status status="PASS" start="2026-01-13T21:53:14.905893" elapsed="0.046842"/>
</kw>
<kw name="Log To Console" owner="BuiltIn">
<arg>${linktext}</arg>
<doc>Logs the given message to the console.</doc>
<status status="PASS" start="2026-01-13T21:53:14.952876" elapsed="0.000271"/>
</kw>
<var name="${i}">14</var>
<status status="PASS" start="2026-01-13T21:53:14.905688" elapsed="0.047518"/>
</iter>
<iter>
<kw name="Get Text" owner="SeleniumLibrary">
<msg time="2026-01-13T21:53:14.965645" level="INFO">${linktext} = Apparel</msg>
<var>${linktext}</var>
<arg>xpath=(//a)[${i}]</arg>
<doc>Returns the text value of the element identified by ``locator``.</doc>
<status status="PASS" start="2026-01-13T21:53:14.953443" elapsed="0.012245"/>
</kw>
<kw name="Log To Console" owner="BuiltIn">
<arg>${linktext}</arg>
<doc>Logs the given message to the console.</doc>
<status status="PASS" start="2026-01-13T21:53:14.965826" elapsed="0.000258"/>
</kw>
<var name="${i}">15</var>
<status status="PASS" start="2026-01-13T21:53:14.953323" elapsed="0.012815"/>
</iter>
<iter>
<kw name="Get Text" owner="SeleniumLibrary">
<msg time="2026-01-13T21:53:14.978956" level="INFO">${linktext} = </msg>
<var>${linktext}</var>
<arg>xpath=(//a)[${i}]</arg>
<doc>Returns the text value of the element identified by ``locator``.</doc>
<status status="PASS" start="2026-01-13T21:53:14.966349" elapsed="0.012649"/>
</kw>
<kw name="Log To Console" owner="BuiltIn">
<arg>${linktext}</arg>
<doc>Logs the given message to the console.</doc>
<status status="PASS" start="2026-01-13T21:53:14.979140" elapsed="0.000266"/>
</kw>
<var name="${i}">16</var>
<status status="PASS" start="2026-01-13T21:53:14.966245" elapsed="0.013216"/>
</iter>
<iter>
<kw name="Get Text" owner="SeleniumLibrary">
<msg time="2026-01-13T21:53:14.992327" level="INFO">${linktext} = </msg>
<var>${linktext}</var>
<arg>xpath=(//a)[${i}]</arg>
<doc>Returns the text value of the element identified by ``locator``.</doc>
<status status="PASS" start="2026-01-13T21:53:14.979677" elapsed="0.012695"/>
</kw>
<kw name="Log To Console" owner="BuiltIn">
<arg>${linktext}</arg>
<doc>Logs the given message to the console.</doc>
<status status="PASS" start="2026-01-13T21:53:14.992516" elapsed="0.000264"/>
</kw>
<var name="${i}">17</var>
<status status="PASS" start="2026-01-13T21:53:14.979570" elapsed="0.013266"/>
</iter>
<iter>
<kw name="Get Text" owner="SeleniumLibrary">
<msg time="2026-01-13T21:53:15.005438" level="INFO">${linktext} = </msg>
<var>${linktext}</var>
<arg>xpath=(//a)[${i}]</arg>
<doc>Returns the text value of the element identified by ``locator``.</doc>
<status status="PASS" start="2026-01-13T21:53:14.993048" elapsed="0.012450"/>
</kw>
<kw name="Log To Console" owner="BuiltIn">
<arg>${linktext}</arg>
<doc>Logs the given message to the console.</doc>
<status status="PASS" start="2026-01-13T21:53:15.005717" elapsed="0.000340"/>
</kw>
<var name="${i}">18</var>
<status status="PASS" start="2026-01-13T21:53:14.992945" elapsed="0.013180"/>
</iter>
<iter>
<kw name="Get Text" owner="SeleniumLibrary">
<msg time="2026-01-13T21:53:15.018683" level="INFO">${linktext} = Digital downloads</msg>
<var>${linktext}</var>
<arg>xpath=(//a)[${i}]</arg>
<doc>Returns the text value of the element identified by ``locator``.</doc>
<status status="PASS" start="2026-01-13T21:53:15.006367" elapsed="0.012360"/>
</kw>
<kw name="Log To Console" owner="BuiltIn">
<arg>${linktext}</arg>
<doc>Logs the given message to the console.</doc>
<status status="PASS" start="2026-01-13T21:53:15.018872" elapsed="0.000286"/>
</kw>
<var name="${i}">19</var>
<status status="PASS" start="2026-01-13T21:53:15.006252" elapsed="0.012969"/>
</iter>
<iter>
<kw name="Get Text" owner="SeleniumLibrary">
<msg time="2026-01-13T21:53:15.033692" level="INFO">${linktext} = Books</msg>
<var>${linktext}</var>
<arg>xpath=(//a)[${i}]</arg>
<doc>Returns the text value of the element identified by ``locator``.</doc>
<status status="PASS" start="2026-01-13T21:53:15.019466" elapsed="0.014280"/>
</kw>
<kw name="Log To Console" owner="BuiltIn">
<arg>${linktext}</arg>
<doc>Logs the given message to the console.</doc>
<status status="PASS" start="2026-01-13T21:53:15.033907" elapsed="0.000283"/>
</kw>
<var name="${i}">20</var>
<status status="PASS" start="2026-01-13T21:53:15.019347" elapsed="0.014902"/>
</iter>
<iter>
<kw name="Get Text" owner="SeleniumLibrary">
<msg time="2026-01-13T21:53:15.048307" level="INFO">${linktext} = Jewelry</msg>
<var>${linktext}</var>
<arg>xpath=(//a)[${i}]</arg>
<doc>Returns the text value of the element identified by ``locator``.</doc>
<status status="PASS" start="2026-01-13T21:53:15.034482" elapsed="0.013875"/>
</kw>
<kw name="Log To Console" owner="BuiltIn">
<arg>${linktext}</arg>
<doc>Logs the given message to the console.</doc>
<status status="PASS" start="2026-01-13T21:53:15.048604" elapsed="0.000255"/>
</kw>
<var name="${i}">21</var>
<status status="PASS" start="2026-01-13T21:53:15.034375" elapsed="0.014539"/>
</iter>
<iter>
<kw name="Get Text" owner="SeleniumLibrary">
<msg time="2026-01-13T21:53:15.062188" level="INFO">${linktext} = Gift Cards</msg>
<var>${linktext}</var>
<arg>xpath=(//a)[${i}]</arg>
<doc>Returns the text value of the element identified by ``locator``.</doc>
<status status="PASS" start="2026-01-13T21:53:15.049125" elapsed="0.013108"/>
</kw>
<kw name="Log To Console" owner="BuiltIn">
<arg>${linktext}</arg>
<doc>Logs the given message to the console.</doc>
<status status="PASS" start="2026-01-13T21:53:15.062385" elapsed="0.000294"/>
</kw>
<var name="${i}">22</var>
<status status="PASS" start="2026-01-13T21:53:15.049026" elapsed="0.013710"/>
</iter>
<iter>
<kw name="Get Text" owner="SeleniumLibrary">
<msg time="2026-01-13T21:53:15.078379" level="INFO">${linktext} = </msg>
<var>${linktext}</var>
<arg>xpath=(//a)[${i}]</arg>
<doc>Returns the text value of the element identified by ``locator``.</doc>
<status status="PASS" start="2026-01-13T21:53:15.062952" elapsed="0.015476"/>
</kw>
<kw name="Log To Console" owner="BuiltIn">
<arg>${linktext}</arg>
<doc>Logs the given message to the console.</doc>
<status status="PASS" start="2026-01-13T21:53:15.078584" elapsed="0.000289"/>
</kw>
<var name="${i}">23</var>
<status status="PASS" start="2026-01-13T21:53:15.062849" elapsed="0.016085"/>
</iter>
<iter>
<kw name="Get Text" owner="SeleniumLibrary">
<msg time="2026-01-13T21:53:15.093074" level="INFO">${linktext} = </msg>
<var>${linktext}</var>
<arg>xpath=(//a)[${i}]</arg>
<doc>Returns the text value of the element identified by ``locator``.</doc>
<status status="PASS" start="2026-01-13T21:53:15.079194" elapsed="0.013924"/>
</kw>
<kw name="Log To Console" owner="BuiltIn">
<arg>${linktext}</arg>
<doc>Logs the given message to the console.</doc>
<status status="PASS" start="2026-01-13T21:53:15.093257" elapsed="0.000262"/>
</kw>
<var name="${i}">24</var>
<status status="PASS" start="2026-01-13T21:53:15.079059" elapsed="0.014513"/>
</iter>
<iter>
<kw name="Get Text" owner="SeleniumLibrary">
<msg time="2026-01-13T21:53:15.106499" level="INFO">${linktext} = Documentation</msg>
<var>${linktext}</var>
<arg>xpath=(//a)[${i}]</arg>
<doc>Returns the text value of the element identified by ``locator``.</doc>
<status status="PASS" start="2026-01-13T21:53:15.093777" elapsed="0.012767"/>
</kw>
<kw name="Log To Console" owner="BuiltIn">
<arg>${linktext}</arg>
<doc>Logs the given message to the console.</doc>
<status status="PASS" start="2026-01-13T21:53:15.106682" elapsed="0.000276"/>
</kw>
<var name="${i}">25</var>
<status status="PASS" start="2026-01-13T21:53:15.093679" elapsed="0.013335"/>
</iter>
<iter>
<kw name="Get Text" owner="SeleniumLibrary">
<msg time="2026-01-13T21:53:15.126030" level="INFO">${linktext} = Forums</msg>
<var>${linktext}</var>
<arg>xpath=(//a)[${i}]</arg>
<doc>Returns the text value of the element identified by ``locator``.</doc>
<status status="PASS" start="2026-01-13T21:53:15.107246" elapsed="0.018825"/>
</kw>
<kw name="Log To Console" owner="BuiltIn">
<arg>${linktext}</arg>
<doc>Logs the given message to the console.</doc>
<status status="PASS" start="2026-01-13T21:53:15.126202" elapsed="0.000249"/>
</kw>
<var name="${i}">26</var>
<status status="PASS" start="2026-01-13T21:53:15.107127" elapsed="0.019371"/>
</iter>
<iter>
<kw name="Get Text" owner="SeleniumLibrary">
<msg time="2026-01-13T21:53:15.146083" level="INFO">${linktext} = nopCommerce.com</msg>
<var>${linktext}</var>
<arg>xpath=(//a)[${i}]</arg>
<doc>Returns the text value of the element identified by ``locator``.</doc>
<status status="PASS" start="2026-01-13T21:53:15.126691" elapsed="0.019456"/>
</kw>
<kw name="Log To Console" owner="BuiltIn">
<arg>${linktext}</arg>
<doc>Logs the given message to the console.</doc>
<status status="PASS" start="2026-01-13T21:53:15.146309" elapsed="0.000334"/>
</kw>
<var name="${i}">27</var>
<status status="PASS" start="2026-01-13T21:53:15.126600" elapsed="0.020096"/>
</iter>
<iter>
<kw name="Get Text" owner="SeleniumLibrary">
<msg time="2026-01-13T21:53:15.165415" level="INFO">${linktext} = Electronics</msg>
<var>${linktext}</var>
<arg>xpath=(//a)[${i}]</arg>
<doc>Returns the text value of the element identified by ``locator``.</doc>
<status status="PASS" start="2026-01-13T21:53:15.146907" elapsed="0.018589"/>
</kw>
<kw name="Log To Console" owner="BuiltIn">
<arg>${linktext}</arg>
<doc>Logs the given message to the console.</doc>
<status status="PASS" start="2026-01-13T21:53:15.165737" elapsed="0.000438"/>
</kw>
<var name="${i}">28</var>
<status status="PASS" start="2026-01-13T21:53:15.146804" elapsed="0.019475"/>
</iter>
<iter>
<kw name="Get Text" owner="SeleniumLibrary">
<msg time="2026-01-13T21:53:15.197970" level="INFO">${linktext} = </msg>
<var>${linktext}</var>
<arg>xpath=(//a)[${i}]</arg>
<doc>Returns the text value of the element identified by ``locator``.</doc>
<status status="PASS" start="2026-01-13T21:53:15.166701" elapsed="0.031370"/>
</kw>
<kw name="Log To Console" owner="BuiltIn">
<arg>${linktext}</arg>
<doc>Logs the given message to the console.</doc>
<status status="PASS" start="2026-01-13T21:53:15.198483" elapsed="0.000624"/>
</kw>
<var name="${i}">29</var>
<status status="PASS" start="2026-01-13T21:53:15.166485" elapsed="0.032761"/>
</iter>
<iter>
<kw name="Get Text" owner="SeleniumLibrary">
<msg time="2026-01-13T21:53:15.231949" level="INFO">${linktext} = Apparel</msg>
<var>${linktext}</var>
<arg>xpath=(//a)[${i}]</arg>
<doc>Returns the text value of the element identified by ``locator``.</doc>
<status status="PASS" start="2026-01-13T21:53:15.199755" elapsed="0.032240"/>
</kw>
<kw name="Log To Console" owner="BuiltIn">
<arg>${linktext}</arg>
<doc>Logs the given message to the console.</doc>
<status status="PASS" start="2026-01-13T21:53:15.232191" elapsed="0.001617"/>
</kw>
<var name="${i}">30</var>
<status status="PASS" start="2026-01-13T21:53:15.199503" elapsed="0.034394"/>
</iter>
<iter>
<kw name="Get Text" owner="SeleniumLibrary">
<msg time="2026-01-13T21:53:15.264641" level="INFO">${linktext} = </msg>
<var>${linktext}</var>
<arg>xpath=(//a)[${i}]</arg>
<doc>Returns the text value of the element identified by ``locator``.</doc>
<status status="PASS" start="2026-01-13T21:53:15.234161" elapsed="0.030577"/>
</kw>
<kw name="Log To Console" owner="BuiltIn">
<arg>${linktext}</arg>
<doc>Logs the given message to the console.</doc>
<status status="PASS" start="2026-01-13T21:53:15.265035" elapsed="0.000508"/>
</kw>
<var name="${i}">31</var>
<status status="PASS" start="2026-01-13T21:53:15.234034" elapsed="0.031638"/>
</iter>
<iter>
<kw name="Get Text" owner="SeleniumLibrary">
<msg time="2026-01-13T21:53:15.300163" level="INFO">${linktext} = Digital downloads</msg>
<var>${linktext}</var>
<arg>xpath=(//a)[${i}]</arg>
<doc>Returns the text value of the element identified by ``locator``.</doc>
<status status="PASS" start="2026-01-13T21:53:15.266177" elapsed="0.034083"/>
</kw>
<kw name="Log To Console" owner="BuiltIn">
<arg>${linktext}</arg>
<doc>Logs the given message to the console.</doc>
<status status="PASS" start="2026-01-13T21:53:15.300560" elapsed="0.000506"/>
</kw>
<var name="${i}">32</var>
<status status="PASS" start="2026-01-13T21:53:15.265935" elapsed="0.035263"/>
</iter>
<iter>
<kw name="Get Text" owner="SeleniumLibrary">
<msg time="2026-01-13T21:53:15.336687" level="INFO">${linktext} = </msg>
<var>${linktext}</var>
<arg>xpath=(//a)[${i}]</arg>
<doc>Returns the text value of the element identified by ``locator``.</doc>
<status status="PASS" start="2026-01-13T21:53:15.301703" elapsed="0.035081"/>
</kw>
<kw name="Log To Console" owner="BuiltIn">
<arg>${linktext}</arg>
<doc>Logs the given message to the console.</doc>
<status status="PASS" start="2026-01-13T21:53:15.337094" elapsed="0.000501"/>
</kw>
<var name="${i}">33</var>
<status status="PASS" start="2026-01-13T21:53:15.301478" elapsed="0.036308"/>
</iter>
<iter>
<kw name="Get Text" owner="SeleniumLibrary">
<msg time="2026-01-13T21:53:15.372957" level="INFO">${linktext} = </msg>
<var>${linktext}</var>
<arg>xpath=(//a)[${i}]</arg>
<doc>Returns the text value of the element identified by ``locator``.</doc>
<status status="PASS" start="2026-01-13T21:53:15.338318" elapsed="0.034742"/>
</kw>
<kw name="Log To Console" owner="BuiltIn">
<arg>${linktext}</arg>
<doc>Logs the given message to the console.</doc>
<status status="PASS" start="2026-01-13T21:53:15.373366" elapsed="0.000519"/>
</kw>
<var name="${i}">34</var>
<status status="PASS" start="2026-01-13T21:53:15.338069" elapsed="0.035946"/>
</iter>
<iter>
<kw name="Get Text" owner="SeleniumLibrary">
<msg time="2026-01-13T21:53:15.406595" level="INFO">${linktext} = Build your own computer</msg>
<var>${linktext}</var>
<arg>xpath=(//a)[${i}]</arg>
<doc>Returns the text value of the element identified by ``locator``.</doc>
<status status="PASS" start="2026-01-13T21:53:15.374668" elapsed="0.032029"/>
</kw>
<kw name="Log To Console" owner="BuiltIn">
<arg>${linktext}</arg>
<doc>Logs the given message to the console.</doc>
<status status="PASS" start="2026-01-13T21:53:15.407003" elapsed="0.000501"/>
</kw>
<var name="${i}">35</var>
<status status="PASS" start="2026-01-13T21:53:15.374353" elapsed="0.033278"/>
</iter>
<iter>
<kw name="Get Text" owner="SeleniumLibrary">
<msg time="2026-01-13T21:53:15.441762" level="INFO">${linktext} = </msg>
<var>${linktext}</var>
<arg>xpath=(//a)[${i}]</arg>
<doc>Returns the text value of the element identified by ``locator``.</doc>
<status status="PASS" start="2026-01-13T21:53:15.408125" elapsed="0.033733"/>
</kw>
<kw name="Log To Console" owner="BuiltIn">
<arg>${linktext}</arg>
<doc>Logs the given message to the console.</doc>
<status status="PASS" start="2026-01-13T21:53:15.442165" elapsed="0.000523"/>
</kw>
<var name="${i}">36</var>
<status status="PASS" start="2026-01-13T21:53:15.407885" elapsed="0.034918"/>
</iter>
<iter>
<kw name="Get Text" owner="SeleniumLibrary">
<msg time="2026-01-13T21:53:15.476202" level="INFO">${linktext} = Apple MacBook Pro</msg>
<var>${linktext}</var>
<arg>xpath=(//a)[${i}]</arg>
<doc>Returns the text value of the element identified by ``locator``.</doc>
<status status="PASS" start="2026-01-13T21:53:15.443276" elapsed="0.033026"/>
</kw>
<kw name="Log To Console" owner="BuiltIn">
<arg>${linktext}</arg>
<doc>Logs the given message to the console.</doc>
<status status="PASS" start="2026-01-13T21:53:15.476624" elapsed="0.000530"/>
</kw>
<var name="${i}">37</var>
<status status="PASS" start="2026-01-13T21:53:15.443055" elapsed="0.034248"/>
</iter>
<iter>
<kw name="Get Text" owner="SeleniumLibrary">
<msg time="2026-01-13T21:53:15.509528" level="INFO">${linktext} = </msg>
<var>${linktext}</var>
<arg>xpath=(//a)[${i}]</arg>
<doc>Returns the text value of the element identified by ``locator``.</doc>
<status status="PASS" start="2026-01-13T21:53:15.477819" elapsed="0.031780"/>
</kw>
<kw name="Log To Console" owner="BuiltIn">
<arg>${linktext}</arg>
<doc>Logs the given message to the console.</doc>
<status status="PASS" start="2026-01-13T21:53:15.509851" elapsed="0.000333"/>
</kw>
<var name="${i}">38</var>
<status status="PASS" start="2026-01-13T21:53:15.477564" elapsed="0.032708"/>
</iter>
<iter>
<kw name="Get Text" owner="SeleniumLibrary">
<msg time="2026-01-13T21:53:15.531696" level="INFO">${linktext} = HTC smartphone</msg>
<var>${linktext}</var>
<arg>xpath=(//a)[${i}]</arg>
<doc>Returns the text value of the element identified by ``locator``.</doc>
<status status="PASS" start="2026-01-13T21:53:15.510609" elapsed="0.021132"/>
</kw>
<kw name="Log To Console" owner="BuiltIn">
<arg>${linktext}</arg>
<doc>Logs the given message to the console.</doc>
<status status="PASS" start="2026-01-13T21:53:15.531882" elapsed="0.000222"/>
</kw>
<var name="${i}">39</var>
<status status="PASS" start="2026-01-13T21:53:15.510450" elapsed="0.021709"/>
</iter>
<iter>
<kw name="Get Text" owner="SeleniumLibrary">
<msg time="2026-01-13T21:53:15.557225" level="INFO">${linktext} = </msg>
<var>${linktext}</var>
<arg>xpath=(//a)[${i}]</arg>
<doc>Returns the text value of the element identified by ``locator``.</doc>
<status status="PASS" start="2026-01-13T21:53:15.532369" elapsed="0.024918"/>
</kw>
<kw name="Log To Console" owner="BuiltIn">
<arg>${linktext}</arg>
<doc>Logs the given message to the console.</doc>
<status status="PASS" start="2026-01-13T21:53:15.557545" elapsed="0.000319"/>
</kw>
<var name="${i}">40</var>
<status status="PASS" start="2026-01-13T21:53:15.532270" elapsed="0.025667"/>
</iter>
<iter>
<kw name="Get Text" owner="SeleniumLibrary">
<msg time="2026-01-13T21:53:15.584514" level="INFO">${linktext} = $25 Virtual Gift Card</msg>
<var>${linktext}</var>
<arg>xpath=(//a)[${i}]</arg>
<doc>Returns the text value of the element identified by ``locator``.</doc>
<status status="PASS" start="2026-01-13T21:53:15.558214" elapsed="0.026375"/>
</kw>
<kw name="Log To Console" owner="BuiltIn">
<arg>${linktext}</arg>
<doc>Logs the given message to the console.</doc>
<status status="PASS" start="2026-01-13T21:53:15.584835" elapsed="0.000341"/>
</kw>
<var name="${i}">41</var>
<status status="PASS" start="2026-01-13T21:53:15.558081" elapsed="0.027173"/>
</iter>
<iter>
<kw name="Get Text" owner="SeleniumLibrary">
<msg time="2026-01-13T21:53:15.607489" level="INFO">${linktext} = About nopCommerce</msg>
<var>${linktext}</var>
<arg>xpath=(//a)[${i}]</arg>
<doc>Returns the text value of the element identified by ``locator``.</doc>
<status status="PASS" start="2026-01-13T21:53:15.585591" elapsed="0.021944"/>
</kw>
<kw name="Log To Console" owner="BuiltIn">
<arg>${linktext}</arg>
<doc>Logs the given message to the console.</doc>
<status status="PASS" start="2026-01-13T21:53:15.607684" elapsed="0.000227"/>
</kw>
<var name="${i}">42</var>
<status status="PASS" start="2026-01-13T21:53:15.585437" elapsed="0.022523"/>
</iter>
<iter>
<kw name="Get Text" owner="SeleniumLibrary">
<msg time="2026-01-13T21:53:15.632003" level="INFO">${linktext} = DETAILS</msg>
<var>${linktext}</var>
<arg>xpath=(//a)[${i}]</arg>
<doc>Returns the text value of the element identified by ``locator``.</doc>
<status status="PASS" start="2026-01-13T21:53:15.608187" elapsed="0.023866"/>
</kw>
<kw name="Log To Console" owner="BuiltIn">
<arg>${linktext}</arg>
<doc>Logs the given message to the console.</doc>
<status status="PASS" start="2026-01-13T21:53:15.632198" elapsed="0.000240"/>
</kw>
<var name="${i}">43</var>
<status status="PASS" start="2026-01-13T21:53:15.608073" elapsed="0.024446"/>
</iter>
<iter>
<kw name="Get Text" owner="SeleniumLibrary">
<msg time="2026-01-13T21:53:15.658275" level="INFO">${linktext} = nopCommerce new release!</msg>
<var>${linktext}</var>
<arg>xpath=(//a)[${i}]</arg>
<doc>Returns the text value of the element identified by ``locator``.</doc>
<status status="PASS" start="2026-01-13T21:53:15.632806" elapsed="0.025568"/>
</kw>
<kw name="Log To Console" owner="BuiltIn">
<arg>${linktext}</arg>
<doc>Logs the given message to the console.</doc>
<status status="PASS" start="2026-01-13T21:53:15.658682" elapsed="0.000506"/>
</kw>
<var name="${i}">44</var>
<status status="PASS" start="2026-01-13T21:53:15.632681" elapsed="0.026632"/>
</iter>
<iter>
<kw name="Get Text" owner="SeleniumLibrary">
<msg time="2026-01-13T21:53:15.698921" level="INFO">${linktext} = DETAILS</msg>
<var>${linktext}</var>
<arg>xpath=(//a)[${i}]</arg>
<doc>Returns the text value of the element identified by ``locator``.</doc>
<status status="PASS" start="2026-01-13T21:53:15.659908" elapsed="0.039144"/>
</kw>
<kw name="Log To Console" owner="BuiltIn">
<arg>${linktext}</arg>
<doc>Logs the given message to the console.</doc>
<status status="PASS" start="2026-01-13T21:53:15.699454" elapsed="0.000624"/>
</kw>
<var name="${i}">45</var>
<status status="PASS" start="2026-01-13T21:53:15.659619" elapsed="0.040632"/>
</iter>
<iter>
<kw name="Get Text" owner="SeleniumLibrary">
<msg time="2026-01-13T21:53:15.727291" level="INFO">${linktext} = New online store is open!</msg>
<var>${linktext}</var>
<arg>xpath=(//a)[${i}]</arg>
<doc>Returns the text value of the element identified by ``locator``.</doc>
<status status="PASS" start="2026-01-13T21:53:15.701139" elapsed="0.026244"/>
</kw>
<kw name="Log To Console" owner="BuiltIn">
<arg>${linktext}</arg>
<doc>Logs the given message to the console.</doc>
<status status="PASS" start="2026-01-13T21:53:15.727778" elapsed="0.000428"/>
</kw>
<var name="${i}">46</var>
<status status="PASS" start="2026-01-13T21:53:15.700803" elapsed="0.027501"/>
</iter>
<iter>
<kw name="Get Text" owner="SeleniumLibrary">
<msg time="2026-01-13T21:53:15.756890" level="INFO">${linktext} = DETAILS</msg>
<var>${linktext}</var>
<arg>xpath=(//a)[${i}]</arg>
<doc>Returns the text value of the element identified by ``locator``.</doc>
<status status="PASS" start="2026-01-13T21:53:15.728704" elapsed="0.028263"/>
</kw>
<kw name="Log To Console" owner="BuiltIn">
<arg>${linktext}</arg>
<doc>Logs the given message to the console.</doc>
<status status="PASS" start="2026-01-13T21:53:15.757180" elapsed="0.000286"/>
</kw>
<var name="${i}">47</var>
<status status="PASS" start="2026-01-13T21:53:15.728514" elapsed="0.029039"/>
</iter>
<iter>
<kw name="Get Text" owner="SeleniumLibrary">
<msg time="2026-01-13T21:53:15.788529" level="INFO">${linktext} = View News Archive</msg>
<var>${linktext}</var>
<arg>xpath=(//a)[${i}]</arg>
<doc>Returns the text value of the element identified by ``locator``.</doc>
<status status="PASS" start="2026-01-13T21:53:15.757970" elapsed="0.030649"/>
</kw>
<kw name="Log To Console" owner="BuiltIn">
<arg>${linktext}</arg>
<doc>Logs the given message to the console.</doc>
<status status="PASS" start="2026-01-13T21:53:15.789080" elapsed="0.000711"/>
</kw>
<var name="${i}">48</var>
<status status="PASS" start="2026-01-13T21:53:15.757761" elapsed="0.032253"/>
</iter>
<iter>
<kw name="Get Text" owner="SeleniumLibrary">
<msg time="2026-01-13T21:53:15.819694" level="INFO">${linktext} = Sitemap</msg>
<var>${linktext}</var>
<arg>xpath=(//a)[${i}]</arg>
<doc>Returns the text value of the element identified by ``locator``.</doc>
<status status="PASS" start="2026-01-13T21:53:15.790746" elapsed="0.029047"/>
</kw>
<kw name="Log To Console" owner="BuiltIn">
<arg>${linktext}</arg>
<doc>Logs the given message to the console.</doc>
<status status="PASS" start="2026-01-13T21:53:15.820044" elapsed="0.000341"/>
</kw>
<var name="${i}">49</var>
<status status="PASS" start="2026-01-13T21:53:15.790395" elapsed="0.030071"/>
</iter>
<iter>
<kw name="Get Text" owner="SeleniumLibrary">
<msg time="2026-01-13T21:53:15.853501" level="INFO">${linktext} = Shipping &amp; returns</msg>
<var>${linktext}</var>
<arg>xpath=(//a)[${i}]</arg>
<doc>Returns the text value of the element identified by ``locator``.</doc>
<status status="PASS" start="2026-01-13T21:53:15.820817" elapsed="0.032772"/>
</kw>
<kw name="Log To Console" owner="BuiltIn">
<arg>${linktext}</arg>
<doc>Logs the given message to the console.</doc>
<status status="PASS" start="2026-01-13T21:53:15.853943" elapsed="0.000506"/>
</kw>
<var name="${i}">50</var>
<status status="PASS" start="2026-01-13T21:53:15.820669" elapsed="0.033888"/>
</iter>
<iter>
<kw name="Get Text" owner="SeleniumLibrary">
<msg time="2026-01-13T21:53:15.886616" level="INFO">${linktext} = Privacy notice</msg>
<var>${linktext}</var>
<arg>xpath=(//a)[${i}]</arg>
<doc>Returns the text value of the element identified by ``locator``.</doc>
<status status="PASS" start="2026-01-13T21:53:15.855038" elapsed="0.031670"/>
</kw>
<kw name="Log To Console" owner="BuiltIn">
<arg>${linktext}</arg>
<doc>Logs the given message to the console.</doc>
<status status="PASS" start="2026-01-13T21:53:15.886996" elapsed="0.000478"/>
</kw>
<var name="${i}">51</var>
<status status="PASS" start="2026-01-13T21:53:15.854792" elapsed="0.032796"/>
</iter>
<iter>
<kw name="Get Text" owner="SeleniumLibrary">
<msg time="2026-01-13T21:53:15.914295" level="INFO">${linktext} = Conditions of Use</msg>
<var>${linktext}</var>
<arg>xpath=(//a)[${i}]</arg>
<doc>Returns the text value of the element identified by ``locator``.</doc>
<status status="PASS" start="2026-01-13T21:53:15.888189" elapsed="0.026175"/>
</kw>
<kw name="Log To Console" owner="BuiltIn">
<arg>${linktext}</arg>
<doc>Logs the given message to the console.</doc>
<status status="PASS" start="2026-01-13T21:53:15.914650" elapsed="0.000415"/>
</kw>
<var name="${i}">52</var>
<status status="PASS" start="2026-01-13T21:53:15.887875" elapsed="0.027281"/>
</iter>
<iter>
<kw name="Get Text" owner="SeleniumLibrary">
<msg time="2026-01-13T21:53:15.937876" level="INFO">${linktext} = About us</msg>
<var>${linktext}</var>
<arg>xpath=(//a)[${i}]</arg>
<doc>Returns the text value of the element identified by ``locator``.</doc>
<status status="PASS" start="2026-01-13T21:53:15.915515" elapsed="0.022419"/>
</kw>
<kw name="Log To Console" owner="BuiltIn">
<arg>${linktext}</arg>
<doc>Logs the given message to the console.</doc>
<status status="PASS" start="2026-01-13T21:53:15.938116" elapsed="0.000321"/>
</kw>
<var name="${i}">53</var>
<status status="PASS" start="2026-01-13T21:53:15.915337" elapsed="0.023175"/>
</iter>
<iter>
<kw name="Get Text" owner="SeleniumLibrary">
<msg time="2026-01-13T21:53:15.969404" level="INFO">${linktext} = Contact us</msg>
<var>${linktext}</var>
<arg>xpath=(//a)[${i}]</arg>
<doc>Returns the text value of the element identified by ``locator``.</doc>
<status status="PASS" start="2026-01-13T21:53:15.938921" elapsed="0.030581"/>
</kw>
<kw name="Log To Console" owner="BuiltIn">
<arg>${linktext}</arg>
<doc>Logs the given message to the console.</doc>
<status status="PASS" start="2026-01-13T21:53:15.969803" elapsed="0.000510"/>
</kw>
<var name="${i}">54</var>
<status status="PASS" start="2026-01-13T21:53:15.938665" elapsed="0.031792"/>
</iter>
<iter>
<kw name="Get Text" owner="SeleniumLibrary">
<msg time="2026-01-13T21:53:16.003909" level="INFO">${linktext} = Search</msg>
<var>${linktext}</var>
<arg>xpath=(//a)[${i}]</arg>
<doc>Returns the text value of the element identified by ``locator``.</doc>
<status status="PASS" start="2026-01-13T21:53:15.970973" elapsed="0.033023"/>
</kw>
<kw name="Log To Console" owner="BuiltIn">
<arg>${linktext}</arg>
<doc>Logs the given message to the console.</doc>
<status status="PASS" start="2026-01-13T21:53:16.004268" elapsed="0.000452"/>
</kw>
<var name="${i}">55</var>
<status status="PASS" start="2026-01-13T21:53:15.970717" elapsed="0.034117"/>
</iter>
<iter>
<kw name="Get Text" owner="SeleniumLibrary">
<msg time="2026-01-13T21:53:16.038151" level="INFO">${linktext} = News</msg>
<var>${linktext}</var>
<arg>xpath=(//a)[${i}]</arg>
<doc>Returns the text value of the element identified by ``locator``.</doc>
<status status="PASS" start="2026-01-13T21:53:16.005294" elapsed="0.032942"/>
</kw>
<kw name="Log To Console" owner="BuiltIn">
<arg>${linktext}</arg>
<doc>Logs the given message to the console.</doc>
<status status="PASS" start="2026-01-13T21:53:16.038505" elapsed="0.000536"/>
</kw>
<var name="${i}">56</var>
<status status="PASS" start="2026-01-13T21:53:16.005074" elapsed="0.034144"/>
</iter>
<iter>
<kw name="Get Text" owner="SeleniumLibrary">
<msg time="2026-01-13T21:53:16.071258" level="INFO">${linktext} = Blog</msg>
<var>${linktext}</var>
<arg>xpath=(//a)[${i}]</arg>
<doc>Returns the text value of the element identified by ``locator``.</doc>
<status status="PASS" start="2026-01-13T21:53:16.039790" elapsed="0.031573"/>
</kw>
<kw name="Log To Console" owner="BuiltIn">
<arg>${linktext}</arg>
<doc>Logs the given message to the console.</doc>
<status status="PASS" start="2026-01-13T21:53:16.071747" elapsed="0.000627"/>
</kw>
<var name="${i}">57</var>
<status status="PASS" start="2026-01-13T21:53:16.039540" elapsed="0.033014"/>
</iter>
<iter>
<kw name="Get Text" owner="SeleniumLibrary">
<msg time="2026-01-13T21:53:16.110248" level="INFO">${linktext} = Recently viewed products</msg>
<var>${linktext}</var>
<arg>xpath=(//a)[${i}]</arg>
<doc>Returns the text value of the element identified by ``locator``.</doc>
<status status="PASS" start="2026-01-13T21:53:16.073205" elapsed="0.037341"/>
</kw>
<kw name="Log To Console" owner="BuiltIn">
<arg>${linktext}</arg>
<doc>Logs the given message to the console.</doc>
<status status="PASS" start="2026-01-13T21:53:16.110895" elapsed="0.000620"/>
</kw>
<var name="${i}">58</var>
<status status="PASS" start="2026-01-13T21:53:16.072926" elapsed="0.038785"/>
</iter>
<iter>
<kw name="Get Text" owner="SeleniumLibrary">
<msg time="2026-01-13T21:53:16.142393" level="INFO">${linktext} = Compare products list</msg>
<var>${linktext}</var>
<arg>xpath=(//a)[${i}]</arg>
<doc>Returns the text value of the element identified by ``locator``.</doc>
<status status="PASS" start="2026-01-13T21:53:16.112266" elapsed="0.030168"/>
</kw>
<kw name="Log To Console" owner="BuiltIn">
<arg>${linktext}</arg>
<doc>Logs the given message to the console.</doc>
<status status="PASS" start="2026-01-13T21:53:16.142577" elapsed="0.000361"/>
</kw>
<var name="${i}">59</var>
<status status="PASS" start="2026-01-13T21:53:16.111993" elapsed="0.031103"/>
</iter>
<iter>
<kw name="Get Text" owner="SeleniumLibrary">
<msg time="2026-01-13T21:53:16.179036" level="INFO">${linktext} = New products</msg>
<var>${linktext}</var>
<arg>xpath=(//a)[${i}]</arg>
<doc>Returns the text value of the element identified by ``locator``.</doc>
<status status="PASS" start="2026-01-13T21:53:16.143861" elapsed="0.035273"/>
</kw>
<kw name="Log To Console" owner="BuiltIn">
<arg>${linktext}</arg>
<doc>Logs the given message to the console.</doc>
<status status="PASS" start="2026-01-13T21:53:16.179433" elapsed="0.000477"/>
</kw>
<var name="${i}">60</var>
<status status="PASS" start="2026-01-13T21:53:16.143451" elapsed="0.036574"/>
</iter>
<iter>
<kw name="Get Text" owner="SeleniumLibrary">
<msg time="2026-01-13T21:53:16.215365" level="INFO">${linktext} = My account</msg>
<var>${linktext}</var>
<arg>xpath=(//a)[${i}]</arg>
<doc>Returns the text value of the element identified by ``locator``.</doc>
<status status="PASS" start="2026-01-13T21:53:16.180538" elapsed="0.034927"/>
</kw>
<kw name="Log To Console" owner="BuiltIn">
<arg>${linktext}</arg>
<doc>Logs the given message to the console.</doc>
<status status="PASS" start="2026-01-13T21:53:16.215761" elapsed="0.000494"/>
</kw>
<var name="${i}">61</var>
<status status="PASS" start="2026-01-13T21:53:16.180290" elapsed="0.036089"/>
</iter>
<iter>
<kw name="Get Text" owner="SeleniumLibrary">
<msg time="2026-01-13T21:53:16.253532" level="INFO">${linktext} = Orders</msg>
<var>${linktext}</var>
<arg>xpath=(//a)[${i}]</arg>
<doc>Returns the text value of the element identified by ``locator``.</doc>
<status status="PASS" start="2026-01-13T21:53:16.216895" elapsed="0.036773"/>
</kw>
<kw name="Log To Console" owner="BuiltIn">
<arg>${linktext}</arg>
<doc>Logs the given message to the console.</doc>
<status status="PASS" start="2026-01-13T21:53:16.254118" elapsed="0.000757"/>
</kw>
<var name="${i}">62</var>
<status status="PASS" start="2026-01-13T21:53:16.216646" elapsed="0.038427"/>
</iter>
<iter>
<kw name="Get Text" owner="SeleniumLibrary">
<msg time="2026-01-13T21:53:16.291495" level="INFO">${linktext} = Addresses</msg>
<var>${linktext}</var>
<arg>xpath=(//a)[${i}]</arg>
<doc>Returns the text value of the element identified by ``locator``.</doc>
<status status="PASS" start="2026-01-13T21:53:16.255804" elapsed="0.035792"/>
</kw>
<kw name="Log To Console" owner="BuiltIn">
<arg>${linktext}</arg>
<doc>Logs the given message to the console.</doc>
<status status="PASS" start="2026-01-13T21:53:16.291892" elapsed="0.000514"/>
</kw>
<var name="${i}">63</var>
<status status="PASS" start="2026-01-13T21:53:16.255428" elapsed="0.037106"/>
</iter>
<iter>
<kw name="Get Text" owner="SeleniumLibrary">
<msg time="2026-01-13T21:53:16.327444" level="INFO">${linktext} = Shopping cart</msg>
<var>${linktext}</var>
<arg>xpath=(//a)[${i}]</arg>
<doc>Returns the text value of the element identified by ``locator``.</doc>
<status status="PASS" start="2026-01-13T21:53:16.293066" elapsed="0.034476"/>
</kw>
<kw name="Log To Console" owner="BuiltIn">
<arg>${linktext}</arg>
<doc>Logs the given message to the console.</doc>
<status status="PASS" start="2026-01-13T21:53:16.327899" elapsed="0.000795"/>
</kw>
<var name="${i}">64</var>
<status status="PASS" start="2026-01-13T21:53:16.292807" elapsed="0.036141"/>
</iter>
<iter>
<kw name="Get Text" owner="SeleniumLibrary">
<msg time="2026-01-13T21:53:16.361858" level="INFO">${linktext} = Wishlist</msg>
<var>${linktext}</var>
<arg>xpath=(//a)[${i}]</arg>
<doc>Returns the text value of the element identified by ``locator``.</doc>
<status status="PASS" start="2026-01-13T21:53:16.329402" elapsed="0.032552"/>
</kw>
<kw name="Log To Console" owner="BuiltIn">
<arg>${linktext}</arg>
<doc>Logs the given message to the console.</doc>
<status status="PASS" start="2026-01-13T21:53:16.362245" elapsed="0.000494"/>
</kw>
<var name="${i}">65</var>
<status status="PASS" start="2026-01-13T21:53:16.329240" elapsed="0.033632"/>
</iter>
<iter>
<kw name="Get Text" owner="SeleniumLibrary">
<msg time="2026-01-13T21:53:16.398019" level="INFO">${linktext} = Apply for vendor account</msg>
<var>${linktext}</var>
<arg>xpath=(//a)[${i}]</arg>
<doc>Returns the text value of the element identified by ``locator``.</doc>
<status status="PASS" start="2026-01-13T21:53:16.363378" elapsed="0.034738"/>
</kw>
<kw name="Log To Console" owner="BuiltIn">
<arg>${linktext}</arg>
<doc>Logs the given message to the console.</doc>
<status status="PASS" start="2026-01-13T21:53:16.398473" elapsed="0.000483"/>
</kw>
<var name="${i}">66</var>
<status status="PASS" start="2026-01-13T21:53:16.363132" elapsed="0.035952"/>
</iter>
<iter>
<kw name="Get Text" owner="SeleniumLibrary">
<msg time="2026-01-13T21:53:16.434676" level="INFO">${linktext} = Facebook</msg>
<var>${linktext}</var>
<arg>xpath=(//a)[${i}]</arg>
<doc>Returns the text value of the element identified by ``locator``.</doc>
<status status="PASS" start="2026-01-13T21:53:16.399694" elapsed="0.035082"/>
</kw>
<kw name="Log To Console" owner="BuiltIn">
<arg>${linktext}</arg>
<doc>Logs the given message to the console.</doc>
<status status="PASS" start="2026-01-13T21:53:16.435072" elapsed="0.000495"/>
</kw>
<var name="${i}">67</var>
<status status="PASS" start="2026-01-13T21:53:16.399384" elapsed="0.036310"/>
</iter>
<iter>
<kw name="Get Text" owner="SeleniumLibrary">
<msg time="2026-01-13T21:53:16.470395" level="INFO">${linktext} = Twitter</msg>
<var>${linktext}</var>
<arg>xpath=(//a)[${i}]</arg>
<doc>Returns the text value of the element identified by ``locator``.</doc>
<status status="PASS" start="2026-01-13T21:53:16.436220" elapsed="0.034274"/>
</kw>
<kw name="Log To Console" owner="BuiltIn">
<arg>${linktext}</arg>
<doc>Logs the given message to the console.</doc>
<status status="PASS" start="2026-01-13T21:53:16.470791" elapsed="0.000501"/>
</kw>
<var name="${i}">68</var>
<status status="PASS" start="2026-01-13T21:53:16.435963" elapsed="0.035464"/>
</iter>
<iter>
<kw name="Get Text" owner="SeleniumLibrary">
<msg time="2026-01-13T21:53:16.507410" level="INFO">${linktext} = RSS</msg>
<var>${linktext}</var>
<arg>xpath=(//a)[${i}]</arg>
<doc>Returns the text value of the element identified by ``locator``.</doc>
<status status="PASS" start="2026-01-13T21:53:16.472137" elapsed="0.035370"/>
</kw>
<kw name="Log To Console" owner="BuiltIn">
<arg>${linktext}</arg>
<doc>Logs the given message to the console.</doc>
<status status="PASS" start="2026-01-13T21:53:16.507810" elapsed="0.000490"/>
</kw>
<var name="${i}">69</var>
<status status="PASS" start="2026-01-13T21:53:16.471849" elapsed="0.036576"/>
</iter>
<iter>
<kw name="Get Text" owner="SeleniumLibrary">
[...]
</kw>
<kw name="Open Browser" owner="SeleniumLibrary">
<msg time="2026-01-13T21:55:08.663072" level="INFO">Opening browser 'chrome' to base url 'https://www.bajajallianzlife.com/campaign/term-insurance-plans-premium-calculator/etouch-all-in-one-prices-term-plan.html?utm_source=google&amp;utm_medium=Google_Search-Brand&amp;utm_campaign=BALIC_Sok_Search_Term_Brand&amp;adgroupid=164855968251&amp;utm_content=691606522728&amp;utm_term=bajaj%20allianz%20life&amp;device=c&amp;gad_source=1&amp;gad_campaignid=21049166602&amp;gbraid=0AAAAADE_zWDs41-sBBnyGObk9rDpyLSus&amp;gclid=CjwKCAjwtrXFBhBiEiwAEKen17XuhDbqJk04fYtT1bU24adTm1IQrc7C30QH1Krftu_EYwvsCHUHuxoCfyIQAvD_BwE'.</msg>
<arg>${URL}</arg>
<arg>${BROWSER}</arg>
<doc>Opens a new browser instance to the optional ``url``.</doc>
<status status="PASS" start="2026-01-13T21:55:08.662818" elapsed="6.500413"/>
</kw>
<kw name="Maximize Browser Window" owner="SeleniumLibrary">
<doc>Maximizes current browser window.</doc>
<status status="PASS" start="2026-01-13T21:55:15.163543" elapsed="0.035333"/>
</kw>
<kw name="Fill Registration Form" owner="LoginKeywords">
<kw name="Input Text" owner="SeleniumLibrary">
<msg time="2026-01-13T21:55:15.201137" level="INFO">Typing text 'Rahul Miskin' into text field 'name=Name'.</msg>
<arg>${txt_full_name}</arg>
<arg>Rahul Miskin</arg>
<doc>Types the given ``text`` into the text field identified by ``locator``.</doc>
<status status="PASS" start="2026-01-13T21:55:15.200349" elapsed="0.136416"/>
</kw>
<kw name="Input Text" owner="SeleniumLibrary">
<msg time="2026-01-13T21:55:15.337246" level="INFO">Typing text '9876543210' into text field 'name=Mobile Number'.</msg>
<arg>${txt_MobNumber}</arg>
<arg>9876543210</arg>
<doc>Types the given ``text`` into the text field identified by ``locator``.</doc>
<status status="PASS" start="2026-01-13T21:55:15.336923" elapsed="0.148718"/>
</kw>
<kw name="Input Text" owner="SeleniumLibrary">
<msg time="2026-01-13T21:55:15.486529" level="INFO">Typing text 'rahul@test.com' into text field 'name=Email'.</msg>
<arg>${txt_Email}</arg>
<arg>rahul@test.com</arg>
<doc>Types the given ``text`` into the text field identified by ``locator``.</doc>
<status status="PASS" start="2026-01-13T21:55:15.485892" elapsed="0.109885"/>
</kw>
<kw name="Input Text" owner="SeleniumLibrary">
<msg time="2026-01-13T21:55:15.596433" level="INFO">Typing text '2/12/2003' into text field 'id=dob'.</msg>
<arg>${txt_dob}</arg>
<arg>2/12/2003</arg>
<doc>Types the given ``text`` into the text field identified by ``locator``.</doc>
<status status="PASS" start="2026-01-13T21:55:15.596023" elapsed="0.137619"/>
</kw>
<kw name="Input Text" owner="SeleniumLibrary">
<msg time="2026-01-13T21:55:15.734276" level="INFO">Typing text '413002' into text field 'name=Pincode'.</msg>
<arg>${txt_pincode}</arg>
<arg>413002</arg>
<doc>Types the given ``text`` into the text field identified by ``locator``.</doc>
<status status="PASS" start="2026-01-13T21:55:15.733990" elapsed="0.117946"/>
</kw>
<kw name="Click Element" owner="SeleniumLibrary">
<msg time="2026-01-13T21:55:15.852588" level="INFO">Clicking element 'xpath=//button[@class='ann-sub-but']'.</msg>
<arg>${txt_premium}</arg>
<doc>Click the element identified by ``locator``.</doc>
<status status="PASS" start="2026-01-13T21:55:15.852170" elapsed="0.162712"/>
</kw>
<status status="PASS" start="2026-01-13T21:55:15.199272" elapsed="0.815972"/>
</kw>
<kw name="Select gender" owner="LoginKeywords">
<kw name="Click Element" owner="SeleniumLibrary">
<msg time="2026-01-13T21:55:16.016530" level="INFO">Clicking element 'rdo_male'.</msg>
<msg time="2026-01-13T21:55:21.277174" level="INFO" html="true">&lt;/td&gt;&lt;/tr&gt;&lt;tr&gt;&lt;td colspan="3"&gt;&lt;a href="20260113_215209-23-selenium-screenshot-1.png"&gt;&lt;img src="20260113_215209-23-selenium-screenshot-1.png" width="800px"&gt;&lt;/a&gt;</msg>
<msg time="2026-01-13T21:55:21.277713" level="FAIL">Element with locator 'rdo_male' not found.</msg>
<arg>rdo_male</arg>
<doc>Click the element identified by ``locator``.</doc>
<status status="FAIL" start="2026-01-13T21:55:16.016100" elapsed="5.266183">Element with locator 'rdo_male' not found.</status>
</kw>
<status status="FAIL" start="2026-01-13T21:55:16.015551" elapsed="5.267324">Element with locator 'rdo_male' not found.</status>
</kw>
<kw name="dropdown" owner="LoginKeywords">
<status status="NOT RUN" start="2026-01-13T21:55:21.283238" elapsed="0.000206"/>
</kw>
<kw name="closing" owner="LoginKeywords">
<status status="NOT RUN" start="2026-01-13T21:55:21.283658" elapsed="0.000060"/>
</kw>
<kw name="go to new" owner="LoginKeywords">
<status status="NOT RUN" start="2026-01-13T21:55:21.283859" elapsed="0.000041"/>
</kw>
<kw name="javascript" owner="LoginKeywords">
<status status="NOT RUN" start="2026-01-13T21:55:21.283982" elapsed="0.000033"/>
</kw>
<kw name="Click Button" owner="SeleniumLibrary">
<doc>Clicks the button identified by ``locator``.</doc>
<status status="NOT RUN" start="2026-01-13T21:55:21.284127" elapsed="0.000037"/>
</kw>
<kw name="Handle alert all" owner="LoginKeywords">
<status status="NOT RUN" start="2026-01-13T21:55:21.284264" elapsed="0.000033"/>
</kw>
<status status="FAIL" start="2026-01-13T21:55:08.661425" elapsed="12.623048">Element with locator 'rdo_male' not found.</status>
</test>
<status status="FAIL" start="2026-01-13T21:55:08.458798" elapsed="12.827337"/>
</suite>
<suite id="s1-s25" name="Timepass" source="E:\Bajajlife\pycharmProjectsAutomation\PycharmProjectsAutomation\TestCases\timepass.robot">
<test id="s1-s25-t1" name="testcase" line="8">
<kw name="Set Selenium Implicit Wait" owner="SeleniumLibrary">
<arg>10</arg>
<doc>Sets the implicit wait value used by Selenium.</doc>
<status status="PASS" start="2026-01-13T21:55:12.895750" elapsed="0.000515"/>
</kw>
<kw name="Open Browser" owner="SeleniumLibrary">
<msg time="2026-01-13T21:55:12.896956" level="INFO">Opening browser 'chrome' to base url 'https://www.bajajallianzlife.com/buy-online/isecure'.</msg>
<arg>${url}</arg>
<arg>${browser}</arg>
<doc>Opens a new browser instance to the optional ``url``.</doc>
<status status="PASS" start="2026-01-13T21:55:12.896600" elapsed="5.880555"/>
</kw>
<kw name="Input Text" owner="SeleniumLibrary">
<msg time="2026-01-13T21:55:18.778466" level="INFO">Typing text 'dfgh' into text field '//input[@name='fullName']'.</msg>
<msg time="2026-01-13T21:55:28.929847" level="INFO" html="true">&lt;/td&gt;&lt;/tr&gt;&lt;tr&gt;&lt;td colspan="3"&gt;&lt;a href="20260113_215209-24-selenium-screenshot-1.png"&gt;&lt;img src="20260113_215209-24-selenium-screenshot-1.png" width="800px"&gt;&lt;/a&gt;</msg>
<msg time="2026-01-13T21:55:28.930306" level="FAIL">Element with locator '//input[@name='fullName']' not found.</msg>
<arg>//input[@name='fullName']</arg>
<arg>dfgh</arg>
<doc>Types the given ``text`` into the text field identified by ``locator``.</doc>
<status status="FAIL" start="2026-01-13T21:55:18.777706" elapsed="10.156796">Element with locator '//input[@name='fullName']' not found.</status>
</kw>
<kw name="Input Text" owner="SeleniumLibrary">
<arg>//input[@name='mobileNumber']</arg>
<arg>909</arg>
<doc>Types the given ``text`` into the text field identified by ``locator``.</doc>
<status status="NOT RUN" start="2026-01-13T21:55:28.935000" elapsed="0.000222"/>
</kw>
<kw name="//input[@name='dob']">
<arg>12/02/1993</arg>
<status status="NOT RUN" start="2026-01-13T21:55:28.935582" elapsed="0.000093"/>
</kw>
<kw name="//input[@name='emailId']">
<arg>cvb</arg>
<status status="NOT RUN" start="2026-01-13T21:55:28.935925" elapsed="0.000163"/>
</kw>
<status status="FAIL" start="2026-01-13T21:55:12.894385" elapsed="16.042117">Element with locator '//input[@name='fullName']' not found.</status>
</test>
<status status="FAIL" start="2026-01-13T21:55:12.730154" elapsed="16.208764"/>
</suite>
<suite id="s1-s26" name="Userkeywordswithargument" source="E:\Bajajlife\pycharmProjectsAutomation\PycharmProjectsAutomation\TestCases\userkeywordswithargument.robot">
<test id="s1-s26-t1" name="TC1" line="17">
<kw name="Launchbrowser" owner="resources">
<kw name="Open Browser" owner="SeleniumLibrary">
<msg time="2026-01-13T21:55:24.091541" level="INFO">Opening browser 'chrome' to base url 'https://www.mercurytravels.co.in/flights'.</msg>
<arg>${appurl}</arg>
<arg>${Appbrowser}</arg>
<doc>Opens a new browser instance to the optional ``url``.</doc>
<status status="PASS" start="2026-01-13T21:55:24.091336" elapsed="5.423483"/>
</kw>
<kw name="Maximize Browser Window" owner="SeleniumLibrary">
<doc>Maximizes current browser window.</doc>
<status status="PASS" start="2026-01-13T21:55:29.515074" elapsed="0.026222"/>
</kw>
<kw name="Get Title" owner="SeleniumLibrary">
<msg time="2026-01-13T21:55:29.548738" level="INFO">${title} = Flight Booking - Book Airticket, Flight Ticket Online at Mercury Travels</msg>
<var>${title}</var>
<doc>Returns the title of the current page.</doc>
<status status="PASS" start="2026-01-13T21:55:29.541646" elapsed="0.007148"/>
</kw>
<return>
<value>${title}</value>
<status status="PASS" start="2026-01-13T21:55:29.548881" elapsed="0.000163"/>
</return>
<msg time="2026-01-13T21:55:29.549308" level="INFO">${pagetitle} = Flight Booking - Book Airticket, Flight Ticket Online at Mercury Travels</msg>
<var>${pagetitle}</var>
<arg>${url}</arg>
<arg>${browser}</arg>
<status status="PASS" start="2026-01-13T21:55:24.090718" elapsed="5.458640"/>
</kw>
<kw name="Log To Console" owner="BuiltIn">
<arg>${pagetitle}</arg>
<doc>Logs the given message to the console.</doc>
<status status="PASS" start="2026-01-13T21:55:29.549601" elapsed="0.000459"/>
</kw>
<kw name="Input Text" owner="SeleniumLibrary">
<msg time="2026-01-13T21:55:29.550828" level="INFO">Typing text 'Solapur' into text field '//input[@name="fromCity"]'.</msg>
<arg>//input[@name="fromCity"]</arg>
<arg>Solapur</arg>
<doc>Types the given ``text`` into the text field identified by ``locator``.</doc>
<status status="PASS" start="2026-01-13T21:55:29.550283" elapsed="0.128440"/>
</kw>
<kw name="Input Text" owner="SeleniumLibrary">
<msg time="2026-01-13T21:55:29.679129" level="INFO">Typing text 'pune' into text field '//input[@placeholder="Type City Name or Airport Code"]'.</msg>
<arg>//input[@placeholder="Type City Name or Airport Code"]</arg>
<arg>pune</arg>
<doc>Types the given ``text`` into the text field identified by ``locator``.</doc>
<status status="PASS" start="2026-01-13T21:55:29.678908" elapsed="0.103770"/>
</kw>
<status status="PASS" start="2026-01-13T21:55:24.090260" elapsed="5.693033"/>
</test>
<status status="PASS" start="2026-01-13T21:55:23.941279" elapsed="5.843120"/>
</suite>
<suite id="s1-s27" name="Userkeywors" source="E:\Bajajlife\pycharmProjectsAutomation\PycharmProjectsAutomation\TestCases\userkeywors.robot">
<test id="s1-s27-t1" name="TC1" line="13">
<kw name="LaunchBrowser">
<kw name="Open Browser" owner="SeleniumLibrary">
<msg time="2026-01-13T21:55:31.722860" level="INFO">Opening browser 'chrome' to base url 'https://www.mercurytravels.co.in/flights'.</msg>
<arg>${url}</arg>
<arg>${browser}</arg>
<doc>Opens a new browser instance to the optional ``url``.</doc>
<status status="PASS" start="2026-01-13T21:55:31.722646" elapsed="4.319635"/>
</kw>
<kw name="Maximize Browser Window" owner="SeleniumLibrary">
<doc>Maximizes current browser window.</doc>
<status status="PASS" start="2026-01-13T21:55:36.043091" elapsed="0.044601"/>
</kw>
<status status="PASS" start="2026-01-13T21:55:31.722068" elapsed="4.365879"/>
</kw>
<kw name="Set Selenium Implicit Wait" owner="SeleniumLibrary">
<arg>4</arg>
<doc>Sets the implicit wait value used by Selenium.</doc>
<status status="PASS" start="2026-01-13T21:55:36.088202" elapsed="0.002301"/>
</kw>
<kw name="Input Text" owner="SeleniumLibrary">
<msg time="2026-01-13T21:55:36.091620" level="INFO">Typing text 'Solapur' into text field '//input[@name="fromCity"]'.</msg>
<arg>//input[@name="fromCity"]</arg>
<arg>Solapur</arg>
<doc>Types the given ``text`` into the text field identified by ``locator``.</doc>
<status status="PASS" start="2026-01-13T21:55:36.090862" elapsed="0.181298"/>
</kw>
<kw name="Input Text" owner="SeleniumLibrary">
<msg time="2026-01-13T21:55:36.273000" level="INFO">Typing text 'pune' into text field '//input[@placeholder="Type City Name or Airport Code"]'.</msg>
<arg>//input[@placeholder="Type City Name or Airport Code"]</arg>
<arg>pune</arg>
<doc>Types the given ``text`` into the text field identified by ``locator``.</doc>
<status status="PASS" start="2026-01-13T21:55:36.272512" elapsed="0.206782"/>
</kw>
<status status="PASS" start="2026-01-13T21:55:31.721606" elapsed="4.758328"/>
</test>
<status status="PASS" start="2026-01-13T21:55:31.576820" elapsed="4.904612"/>
</suite>
<suite id="s1-s28" name="scrollingPage" source="E:\Bajajlife\pycharmProjectsAutomation\PycharmProjectsAutomation\TestCases\scrollingPage.robot">
<test id="s1-s28-t1" name="Scrolling" line="15">
<kw name="Open Browser" owner="SeleniumLibrary">
<msg time="2026-01-13T21:55:32.533664" level="INFO">Opening browser 'chrome' to base url 'https://www.worldometers.info/geography/flags-of-the-world/'.</msg>
<arg>${url}</arg>
<arg>${browser}</arg>
<doc>Opens a new browser instance to the optional ``url``.</doc>
<status status="PASS" start="2026-01-13T21:55:32.533101" elapsed="5.213916"/>
</kw>
<kw name="Maximize Browser Window" owner="SeleniumLibrary">
<doc>Maximizes current browser window.</doc>
<status status="PASS" start="2026-01-13T21:55:37.747929" elapsed="0.027876"/>
</kw>
<kw name="Set Selenium Implicit Wait" owner="SeleniumLibrary">
<arg>3</arg>
<doc>Sets the implicit wait value used by Selenium.</doc>
<status status="PASS" start="2026-01-13T21:55:37.775982" elapsed="0.001056"/>
</kw>
<kw name="Execute Javascript" owner="SeleniumLibrary">
<msg time="2026-01-13T21:55:37.777614" level="INFO">Executing JavaScript:
window.scrollTo(0,500)
Without any arguments.</msg>
<arg>window.scrollTo(0,500)</arg>
<doc>Executes the given JavaScript code with possible arguments.</doc>
<status status="PASS" start="2026-01-13T21:55:37.777195" elapsed="0.008476"/>
</kw>
<kw name="Scroll Element Into View" owner="SeleniumLibrary">
<msg time="2026-01-13T21:55:40.899348" level="INFO" html="true">&lt;/td&gt;&lt;/tr&gt;&lt;tr&gt;&lt;td colspan="3"&gt;&lt;a href="20260113_215209-27-selenium-screenshot-1.png"&gt;&lt;img src="20260113_215209-27-selenium-screenshot-1.png" width="800px"&gt;&lt;/a&gt;</msg>
<msg time="2026-01-13T21:55:40.899687" level="FAIL">Element with locator '//img[@class="w-[120px] h-[80px] object-contain"]' not found.</msg>
<arg>//img[@class="w-[120px] h-[80px] object-contain"]</arg>
<doc>Scrolls the element identified by ``locator`` into view.</doc>
<status status="FAIL" start="2026-01-13T21:55:37.785937" elapsed="3.118395">Element with locator '//img[@class="w-[120px] h-[80px] object-contain"]' not found.</status>
</kw>
<kw name="Execute Javascript" owner="SeleniumLibrary">
<arg>window.scrollTo(0,document.body.scrollHeight)</arg>
<doc>Executes the given JavaScript code with possible arguments.</doc>
<status status="NOT RUN" start="2026-01-13T21:55:40.904806" elapsed="0.000142"/>
</kw>
<kw name="Execute Javascript" owner="SeleniumLibrary">
<arg>window.scrollTo(0,-document.body.scrollHeight)</arg>
<doc>Executes the given JavaScript code with possible arguments.</doc>
<status status="NOT RUN" start="2026-01-13T21:55:40.905197" elapsed="0.000094"/>
</kw>
<status status="FAIL" start="2026-01-13T21:55:32.531668" elapsed="8.373996">Element with locator '//img[@class="w-[120px] h-[80px] object-contain"]' not found.</status>
</test>
<status status="FAIL" start="2026-01-13T21:55:32.390390" elapsed="8.517759"/>
</suite>
<doc>[https://pabot.org/?ref=log|Pabot] result from 28 executions.</doc>
<status status="FAIL" start="2026-01-13T21:52:10.871000" elapsed="210.038000"/>
</suite>
<statistics>
<total>
<stat pass="20" fail="11" skip="0">All Tests</stat>
</total>
<tag>
</tag>
<suite>
<stat name="Suites" id="s1" pass="20" fail="11" skip="0">Suites</stat>
<stat name="Alerts" id="s1-s1" pass="1" fail="0" skip="0">Suites.Alerts</stat>
<stat name="Capture" id="s1-s2" pass="0" fail="1" skip="0">Suites.Capture</stat>
<stat name="Capturescreen" id="s1-s3" pass="0" fail="1" skip="0">Suites.Capturescreen</stat>
<stat name="CloseallBrowser" id="s1-s4" pass="1" fail="0" skip="0">Suites.CloseallBrowser</stat>
<stat name="DDT1" id="s1-s5" pass="2" fail="2" skip="0">Suites.DDT1</stat>
<stat name="Dd2Excel" id="s1-s6" pass="0" fail="1" skip="0">Suites.Dd2Excel</stat>
<stat name="Dropdown" id="s1-s7" pass="1" fail="0" skip="0">Suites.Dropdown</stat>
<stat name="Forloop" id="s1-s8" pass="1" fail="0" skip="0">Suites.Forloop</stat>
<stat name="Frames" id="s1-s9" pass="1" fail="0" skip="0">Suites.Frames</stat>
<stat name="Getalllinks" id="s1-s10" pass="1" fail="0" skip="0">Suites.Getalllinks</stat>
<stat name="Isecure" id="s1-s11" pass="0" fail="1" skip="0">Suites.Isecure</stat>
<stat name="Mouseoperations" id="s1-s12" pass="1" fail="0" skip="0">Suites.Mouseoperations</stat>
<stat name="Navigational" id="s1-s13" pass="1" fail="0" skip="0">Suites.Navigational</stat>
<stat name="Practice" id="s1-s14" pass="0" fail="1" skip="0">Suites.Practice</stat>
<stat name="Project" id="s1-s15" pass="1" fail="0" skip="0">Suites.Project</stat>
<stat name="Radio" id="s1-s16" pass="1" fail="0" skip="0">Suites.Radio</stat>
<stat name="Speedtest" id="s1-s17" pass="1" fail="0" skip="0">Suites.Speedtest</stat>
<stat name="Swithbrowser" id="s1-s18" pass="1" fail="0" skip="0">Suites.Swithbrowser</stat>
<stat name="TC1" id="s1-s19" pass="1" fail="0" skip="0">Suites.TC1</stat>
<stat name="TC2" id="s1-s20" pass="1" fail="0" skip="0">Suites.TC2</stat>
<stat name="TC3" id="s1-s21" pass="1" fail="0" skip="0">Suites.TC3</stat>
<stat name="TabbedWindows" id="s1-s22" pass="0" fail="1" skip="0">Suites.TabbedWindows</stat>
<stat name="Tabledemo" id="s1-s23" pass="1" fail="0" skip="0">Suites.Tabledemo</stat>
<stat name="TestCase1" id="s1-s24" pass="0" fail="1" skip="0">Suites.TestCase1</stat>
<stat name="Timepass" id="s1-s25" pass="0" fail="1" skip="0">Suites.Timepass</stat>
<stat name="Userkeywordswithargument" id="s1-s26" pass="1" fail="0" skip="0">Suites.Userkeywordswithargument</stat>
<stat name="Userkeywors" id="s1-s27" pass="1" fail="0" skip="0">Suites.Userkeywors</stat>
<stat name="scrollingPage" id="s1-s28" pass="0" fail="1" skip="0">Suites.scrollingPage</stat>
</suite>
</statistics>
<errors>
<msg time="2026-01-13T21:52:52.680385" level="ERROR">Error in file 'E:\Bajajlife\pycharmProjectsAutomation\PycharmProjectsAutomation\TestCases\dd2excel.robot' on line 3: Importing library 'Datadriver' failed: ModuleNotFoundError: No module named 'Datadriver'
Traceback (most recent call last):
  None
PYTHONPATH:
  C:\Users\Admin\AppData\Local\Programs\Python\Python313\Scripts\robot.exe
  C:\Users\Admin\AppData\Local\Programs\Python\Python313\python313.zip
  C:\Users\Admin\AppData\Local\Programs\Python\Python313\DLLs
  C:\Users\Admin\AppData\Local\Programs\Python\Python313\Lib
  C:\Users\Admin\AppData\Local\Programs\Python\Python313
  C:\Users\Admin\AppData\Local\Programs\Python\Python313\Lib\site-packages</msg>
<msg time="2026-01-13T21:55:08.602165" level="ERROR">Error in file 'E:\Bajajlife\pycharmProjectsAutomation\PycharmProjectsAutomation\TestCases\TestCase1.robot' on line 3: Resource file '..\Keywords\LoginKeywords.robot' does not exist.</msg>
<msg time="2026-01-13T21:55:24.089183" level="WARN">Error in file 'E:\Bajajlife\pycharmProjectsAutomation\PycharmProjectsAutomation\Resource\resources.robot' on line 14: The '[Return]' setting is deprecated. Use the 'RETURN' statement instead.</msg>
</errors>
</robot>
